{"/Users/yuksehyun/project/CV_Search/crawl-ts/src/config/config.ts": {"path":"/Users/yuksehyun/project/CV_Search/crawl-ts/src/config/config.ts","statementMap":{"0":{"start":{"line":4,"column":0},"end":{"line":4,"column":33}},"1":{"start":{"line":5,"column":0},"end":{"line":5,"column":29}},"2":{"start":{"line":8,"column":0},"end":{"line":8,"column":63}},"3":{"start":{"line":11,"column":0},"end":{"line":42,"column":2}}},"fnMap":{},"branchMap":{"0":{"loc":{"start":{"line":13,"column":15},"end":{"line":13,"column":84}},"type":"binary-expr","locations":[{"start":{"line":13,"column":15},"end":{"line":13,"column":36}},{"start":{"line":13,"column":40},"end":{"line":13,"column":84}}]},"1":{"loc":{"start":{"line":14,"column":37},"end":{"line":14,"column":81}},"type":"binary-expr","locations":[{"start":{"line":14,"column":37},"end":{"line":14,"column":71}},{"start":{"line":14,"column":75},"end":{"line":14,"column":81}}]},"2":{"loc":{"start":{"line":15,"column":23},"end":{"line":15,"column":52}},"type":"binary-expr","locations":[{"start":{"line":15,"column":23},"end":{"line":15,"column":43}},{"start":{"line":15,"column":47},"end":{"line":15,"column":52}}]},"3":{"loc":{"start":{"line":16,"column":14},"end":{"line":16,"column":50}},"type":"binary-expr","locations":[{"start":{"line":16,"column":14},"end":{"line":16,"column":34}},{"start":{"line":16,"column":38},"end":{"line":16,"column":50}}]},"4":{"loc":{"start":{"line":17,"column":17},"end":{"line":17,"column":67}},"type":"binary-expr","locations":[{"start":{"line":17,"column":17},"end":{"line":17,"column":40}},{"start":{"line":17,"column":44},"end":{"line":17,"column":67}}]},"5":{"loc":{"start":{"line":30,"column":26},"end":{"line":30,"column":66}},"type":"binary-expr","locations":[{"start":{"line":30,"column":26},"end":{"line":30,"column":55}},{"start":{"line":30,"column":59},"end":{"line":30,"column":66}}]},"6":{"loc":{"start":{"line":31,"column":33},"end":{"line":31,"column":80}},"type":"binary-expr","locations":[{"start":{"line":31,"column":33},"end":{"line":31,"column":69}},{"start":{"line":31,"column":73},"end":{"line":31,"column":80}}]},"7":{"loc":{"start":{"line":35,"column":27},"end":{"line":35,"column":78}},"type":"binary-expr","locations":[{"start":{"line":35,"column":27},"end":{"line":35,"column":60}},{"start":{"line":35,"column":64},"end":{"line":35,"column":78}}]},"8":{"loc":{"start":{"line":38,"column":17},"end":{"line":38,"column":86}},"type":"binary-expr","locations":[{"start":{"line":38,"column":17},"end":{"line":38,"column":46}},{"start":{"line":38,"column":50},"end":{"line":38,"column":86}}]},"9":{"loc":{"start":{"line":40,"column":16},"end":{"line":40,"column":70}},"type":"binary-expr","locations":[{"start":{"line":40,"column":16},"end":{"line":40,"column":40}},{"start":{"line":40,"column":44},"end":{"line":40,"column":70}}]},"10":{"loc":{"start":{"line":41,"column":18},"end":{"line":41,"column":60}},"type":"binary-expr","locations":[{"start":{"line":41,"column":18},"end":{"line":41,"column":44}},{"start":{"line":41,"column":48},"end":{"line":41,"column":60}}]}},"s":{"0":2,"1":2,"2":2,"3":2},"f":{},"b":{"0":[2,0],"1":[2,0],"2":[2,0],"3":[2,0],"4":[2,0],"5":[2,0],"6":[2,0],"7":[2,0],"8":[2,0],"9":[2,0],"10":[2,0]}}
,"/Users/yuksehyun/project/CV_Search/crawl-ts/src/database/MysqlRecruitInfoRepository.ts": {"path":"/Users/yuksehyun/project/CV_Search/crawl-ts/src/database/MysqlRecruitInfoRepository.ts","statementMap":{"0":{"start":{"line":2,"column":0},"end":{"line":2,"column":101}},"1":{"start":{"line":3,"column":0},"end":{"line":3,"column":58}},"2":{"start":{"line":5,"column":0},"end":{"line":5,"column":26}},"3":{"start":{"line":24,"column":24},"end":{"line":24,"column":80}},"4":{"start":{"line":25,"column":4},"end":{"line":52,"column":5}},"5":{"start":{"line":28,"column":6},"end":{"line":28,"column":112}},"6":{"start":{"line":29,"column":6},"end":{"line":29,"column":105}},"7":{"start":{"line":30,"column":6},"end":{"line":32,"column":7}},"8":{"start":{"line":31,"column":8},"end":{"line":31,"column":101}},"9":{"start":{"line":33,"column":6},"end":{"line":43,"column":7}},"10":{"start":{"line":34,"column":8},"end":{"line":42,"column":9}},"11":{"start":{"line":35,"column":9},"end":{"line":41,"column":21}},"12":{"start":{"line":44,"column":6},"end":{"line":44,"column":33}},"13":{"start":{"line":45,"column":6},"end":{"line":45,"column":100}},"14":{"start":{"line":46,"column":6},"end":{"line":46,"column":25}},"15":{"start":{"line":49,"column":6},"end":{"line":49,"column":35}},"16":{"start":{"line":50,"column":6},"end":{"line":50,"column":92}},"17":{"start":{"line":51,"column":6},"end":{"line":51,"column":18}},"18":{"start":{"line":64,"column":4},"end":{"line":85,"column":5}},"19":{"start":{"line":65,"column":18},"end":{"line":65,"column":28}},"20":{"start":{"line":66,"column":46},"end":{"line":74,"column":null}},"21":{"start":{"line":77,"column":6},"end":{"line":81,"column":7}},"22":{"start":{"line":78,"column":8},"end":{"line":78,"column":33}},"23":{"start":{"line":80,"column":8},"end":{"line":80,"column":20}},"24":{"start":{"line":83,"column":6},"end":{"line":83,"column":46}},"25":{"start":{"line":84,"column":6},"end":{"line":84,"column":18}},"26":{"start":{"line":96,"column":4},"end":{"line":103,"column":5}},"27":{"start":{"line":97,"column":18},"end":{"line":97,"column":28}},"28":{"start":{"line":98,"column":42},"end":{"line":98,"column":112}},"29":{"start":{"line":99,"column":6},"end":{"line":99,"column":null}},"30":{"start":{"line":101,"column":6},"end":{"line":101,"column":46}},"31":{"start":{"line":102,"column":6},"end":{"line":102,"column":18}},"32":{"start":{"line":114,"column":4},"end":{"line":121,"column":5}},"33":{"start":{"line":115,"column":18},"end":{"line":115,"column":28}},"34":{"start":{"line":116,"column":44},"end":{"line":116,"column":155}},"35":{"start":{"line":117,"column":6},"end":{"line":117,"column":null}},"36":{"start":{"line":119,"column":6},"end":{"line":119,"column":46}},"37":{"start":{"line":120,"column":6},"end":{"line":120,"column":18}},"38":{"start":{"line":132,"column":2},"end":{"line":150,"column":3}},"39":{"start":{"line":133,"column":21},"end":{"line":139,"column":null}},"40":{"start":{"line":142,"column":4},"end":{"line":146,"column":5}},"41":{"start":{"line":143,"column":6},"end":{"line":143,"column":39}},"42":{"start":{"line":145,"column":6},"end":{"line":145,"column":64}},"43":{"start":{"line":148,"column":4},"end":{"line":148,"column":46}},"44":{"start":{"line":149,"column":4},"end":{"line":149,"column":16}},"45":{"start":{"line":14,"column":0},"end":{"line":14,"column":13}}},"fnMap":{"0":{"name":"(anonymous_1)","decl":{"start":{"line":22,"column":2},"end":{"line":22,"column":7}},"loc":{"start":{"line":22,"column":61},"end":{"line":53,"column":3}}},"1":{"name":"(anonymous_2)","decl":{"start":{"line":62,"column":2},"end":{"line":62,"column":7}},"loc":{"start":{"line":62,"column":61},"end":{"line":86,"column":3}}},"2":{"name":"(anonymous_3)","decl":{"start":{"line":94,"column":2},"end":{"line":94,"column":7}},"loc":{"start":{"line":94,"column":28},"end":{"line":104,"column":3}}},"3":{"name":"(anonymous_4)","decl":{"start":{"line":112,"column":3},"end":{"line":112,"column":8}},"loc":{"start":{"line":112,"column":34},"end":{"line":122,"column":3}}},"4":{"name":"(anonymous_5)","decl":{"start":{"line":131,"column":2},"end":{"line":131,"column":7}},"loc":{"start":{"line":131,"column":56},"end":{"line":151,"column":1}}}},"branchMap":{"0":{"loc":{"start":{"line":30,"column":6},"end":{"line":32,"column":7}},"type":"if","locations":[{"start":{"line":30,"column":6},"end":{"line":32,"column":7}}]},"1":{"loc":{"start":{"line":33,"column":6},"end":{"line":43,"column":7}},"type":"if","locations":[{"start":{"line":33,"column":6},"end":{"line":43,"column":7}}]},"2":{"loc":{"start":{"line":77,"column":6},"end":{"line":81,"column":7}},"type":"if","locations":[{"start":{"line":77,"column":6},"end":{"line":81,"column":7}},{"start":{"line":79,"column":13},"end":{"line":81,"column":7}}]},"3":{"loc":{"start":{"line":77,"column":10},"end":{"line":77,"column":56}},"type":"binary-expr","locations":[{"start":{"line":77,"column":10},"end":{"line":77,"column":27}},{"start":{"line":77,"column":31},"end":{"line":77,"column":56}}]},"4":{"loc":{"start":{"line":142,"column":4},"end":{"line":146,"column":5}},"type":"if","locations":[{"start":{"line":142,"column":4},"end":{"line":146,"column":5}},{"start":{"line":144,"column":11},"end":{"line":146,"column":5}}]}},"s":{"0":3,"1":3,"2":3,"3":2,"4":2,"5":2,"6":2,"7":2,"8":0,"9":2,"10":2,"11":6,"12":2,"13":2,"14":2,"15":0,"16":0,"17":0,"18":0,"19":0,"20":0,"21":0,"22":0,"23":0,"24":0,"25":0,"26":0,"27":0,"28":0,"29":0,"30":0,"31":0,"32":0,"33":0,"34":0,"35":0,"36":0,"37":0,"38":1,"39":1,"40":1,"41":1,"42":0,"43":0,"44":0,"45":3},"f":{"0":2,"1":0,"2":0,"3":0,"4":1},"b":{"0":[0],"1":[2],"2":[0,0],"3":[0,0],"4":[1,0]}}
,"/Users/yuksehyun/project/CV_Search/crawl-ts/src/database/RecruitInfoRepository.ts": {"path":"/Users/yuksehyun/project/CV_Search/crawl-ts/src/database/RecruitInfoRepository.ts","statementMap":{"0":{"start":{"line":3,"column":0},"end":{"line":3,"column":74}},"1":{"start":{"line":4,"column":0},"end":{"line":4,"column":67}},"2":{"start":{"line":5,"column":0},"end":{"line":5,"column":58}},"3":{"start":{"line":14,"column":4},"end":{"line":14,"column":60}},"4":{"start":{"line":15,"column":4},"end":{"line":15,"column":44}},"5":{"start":{"line":19,"column":4},"end":{"line":19,"column":36}},"6":{"start":{"line":24,"column":4},"end":{"line":43,"column":null}},"7":{"start":{"line":26,"column":8},"end":{"line":29,"column":9}},"8":{"start":{"line":27,"column":10},"end":{"line":27,"column":99}},"9":{"start":{"line":28,"column":10},"end":{"line":28,"column":59}},"10":{"start":{"line":30,"column":8},"end":{"line":30,"column":null}},"11":{"start":{"line":34,"column":6},"end":{"line":34,"column":101}},"12":{"start":{"line":35,"column":6},"end":{"line":35,"column":18}},"13":{"start":{"line":38,"column":6},"end":{"line":38,"column":18}},"14":{"start":{"line":41,"column":6},"end":{"line":41,"column":98}},"15":{"start":{"line":42,"column":6},"end":{"line":42,"column":18}},"16":{"start":{"line":6,"column":0},"end":{"line":6,"column":13}}},"fnMap":{"0":{"name":"(anonymous_0)","decl":{"start":{"line":12,"column":2},"end":{"line":12,"column":null}},"loc":{"start":{"line":12,"column":2},"end":{"line":16,"column":3}}},"1":{"name":"(anonymous_1)","decl":{"start":{"line":18,"column":2},"end":{"line":18,"column":7}},"loc":{"start":{"line":18,"column":18},"end":{"line":20,"column":3}}},"2":{"name":"(anonymous_2)","decl":{"start":{"line":22,"column":2},"end":{"line":22,"column":7}},"loc":{"start":{"line":22,"column":61},"end":{"line":45,"column":3}}},"3":{"name":"(anonymous_3)","decl":{"start":{"line":25,"column":6},"end":{"line":25,"column":7}},"loc":{"start":{"line":25,"column":17},"end":{"line":31,"column":7}}},"4":{"name":"(anonymous_4)","decl":{"start":{"line":33,"column":11},"end":{"line":33,"column":12}},"loc":{"start":{"line":33,"column":21},"end":{"line":36,"column":5}}},"5":{"name":"(anonymous_5)","decl":{"start":{"line":37,"column":10},"end":{"line":37,"column":13}},"loc":{"start":{"line":37,"column":15},"end":{"line":39,"column":5}}},"6":{"name":"(anonymous_6)","decl":{"start":{"line":40,"column":11},"end":{"line":40,"column":12}},"loc":{"start":{"line":40,"column":21},"end":{"line":43,"column":5}}}},"branchMap":{"0":{"loc":{"start":{"line":26,"column":8},"end":{"line":29,"column":9}},"type":"if","locations":[{"start":{"line":26,"column":8},"end":{"line":29,"column":9}}]}},"s":{"0":1,"1":1,"2":1,"3":1,"4":1,"5":1,"6":1,"7":1,"8":0,"9":0,"10":1,"11":0,"12":0,"13":1,"14":0,"15":0,"16":1},"f":{"0":1,"1":1,"2":1,"3":1,"4":0,"5":1,"6":0},"b":{"0":[0]}}
,"/Users/yuksehyun/project/CV_Search/crawl-ts/src/message/Consumer.ts": {"path":"/Users/yuksehyun/project/CV_Search/crawl-ts/src/message/Consumer.ts","statementMap":{"0":{"start":{"line":2,"column":0},"end":{"line":2,"column":40}},"1":{"start":{"line":3,"column":0},"end":{"line":3,"column":58}},"2":{"start":{"line":9,"column":4},"end":{"line":9,"column":17}},"3":{"start":{"line":15,"column":2},"end":{"line":18,"column":3}},"4":{"start":{"line":16,"column":4},"end":{"line":16,"column":81}},"5":{"start":{"line":17,"column":4},"end":{"line":17,"column":84}},"6":{"start":{"line":20,"column":3},"end":{"line":20,"column":28}},"7":{"start":{"line":22,"column":2},"end":{"line":22,"column":72}},"8":{"start":{"line":23,"column":2},"end":{"line":33,"column":23}},"9":{"start":{"line":24,"column":4},"end":{"line":32,"column":5}},"10":{"start":{"line":25,"column":6},"end":{"line":31,"column":9}},"11":{"start":{"line":26,"column":8},"end":{"line":26,"column":82}},"12":{"start":{"line":26,"column":28},"end":{"line":26,"column":81}},"13":{"start":{"line":26,"column":47},"end":{"line":26,"column":70}},"14":{"start":{"line":29,"column":8},"end":{"line":29,"column":56}},"15":{"start":{"line":30,"column":8},"end":{"line":30,"column":46}},"16":{"start":{"line":6,"column":0},"end":{"line":6,"column":13}}},"fnMap":{"0":{"name":"(anonymous_0)","decl":{"start":{"line":8,"column":2},"end":{"line":8,"column":14}},"loc":{"start":{"line":8,"column":27},"end":{"line":10,"column":3}}},"1":{"name":"(anonymous_1)","decl":{"start":{"line":13,"column":1},"end":{"line":13,"column":6}},"loc":{"start":{"line":13,"column":104},"end":{"line":35,"column":1}}},"2":{"name":"(anonymous_2)","decl":{"start":{"line":23,"column":41},"end":{"line":23,"column":42}},"loc":{"start":{"line":23,"column":49},"end":{"line":33,"column":3}}},"3":{"name":"(anonymous_3)","decl":{"start":{"line":25,"column":26},"end":{"line":25,"column":29}},"loc":{"start":{"line":26,"column":8},"end":{"line":26,"column":82}}},"4":{"name":"(anonymous_4)","decl":{"start":{"line":26,"column":20},"end":{"line":26,"column":23}},"loc":{"start":{"line":26,"column":25},"end":{"line":26,"column":81}}},"5":{"name":"(anonymous_5)","decl":{"start":{"line":26,"column":39},"end":{"line":26,"column":42}},"loc":{"start":{"line":26,"column":44},"end":{"line":26,"column":71}}},"6":{"name":"(anonymous_6)","decl":{"start":{"line":28,"column":13},"end":{"line":28,"column":14}},"loc":{"start":{"line":28,"column":21},"end":{"line":31,"column":7}}}},"branchMap":{"0":{"loc":{"start":{"line":13,"column":85},"end":{"line":13,"column":104}},"type":"default-arg","locations":[{"start":{"line":13,"column":100},"end":{"line":13,"column":104}}]},"1":{"loc":{"start":{"line":15,"column":2},"end":{"line":18,"column":3}},"type":"if","locations":[{"start":{"line":15,"column":2},"end":{"line":18,"column":3}}]},"2":{"loc":{"start":{"line":24,"column":4},"end":{"line":32,"column":5}},"type":"if","locations":[{"start":{"line":24,"column":4},"end":{"line":32,"column":5}}]}},"s":{"0":1,"1":1,"2":1,"3":1,"4":0,"5":0,"6":1,"7":1,"8":1,"9":2,"10":2,"11":2,"12":2,"13":1,"14":0,"15":0,"16":1},"f":{"0":1,"1":1,"2":2,"3":2,"4":2,"5":1,"6":0},"b":{"0":[0],"1":[0],"2":[2]}}
,"/Users/yuksehyun/project/CV_Search/crawl-ts/src/message/Messenger.ts": {"path":"/Users/yuksehyun/project/CV_Search/crawl-ts/src/message/Messenger.ts","statementMap":{"0":{"start":{"line":1,"column":0},"end":{"line":1,"column":27}},"1":{"start":{"line":2,"column":0},"end":{"line":2,"column":38}},"2":{"start":{"line":4,"column":0},"end":{"line":4,"column":58}},"3":{"start":{"line":14,"column":4},"end":{"line":14,"column":23}},"4":{"start":{"line":18,"column":4},"end":{"line":26,"column":5}},"5":{"start":{"line":19,"column":6},"end":{"line":19,"column":64}},"6":{"start":{"line":20,"column":6},"end":{"line":20,"column":59}},"7":{"start":{"line":21,"column":6},"end":{"line":21,"column":68}},"8":{"start":{"line":22,"column":6},"end":{"line":22,"column":69}},"9":{"start":{"line":24,"column":6},"end":{"line":24,"column":58}},"10":{"start":{"line":25,"column":6},"end":{"line":25,"column":53}},"11":{"start":{"line":30,"column":6},"end":{"line":46,"column":7}},"12":{"start":{"line":31,"column":8},"end":{"line":33,"column":9}},"13":{"start":{"line":32,"column":10},"end":{"line":32,"column":37}},"14":{"start":{"line":34,"column":8},"end":{"line":36,"column":9}},"15":{"start":{"line":35,"column":10},"end":{"line":35,"column":40}},"16":{"start":{"line":37,"column":8},"end":{"line":37,"column":67}},"17":{"start":{"line":40,"column":8},"end":{"line":43,"column":9}},"18":{"start":{"line":41,"column":10},"end":{"line":41,"column":59}},"19":{"start":{"line":42,"column":10},"end":{"line":42,"column":16}},"20":{"start":{"line":44,"column":8},"end":{"line":44,"column":55}},"21":{"start":{"line":45,"column":8},"end":{"line":45,"column":null}},"22":{"start":{"line":7,"column":0},"end":{"line":7,"column":13}}},"fnMap":{"0":{"name":"(anonymous_1)","decl":{"start":{"line":13,"column":2},"end":{"line":13,"column":14}},"loc":{"start":{"line":13,"column":27},"end":{"line":15,"column":3}}},"1":{"name":"(anonymous_2)","decl":{"start":{"line":17,"column":2},"end":{"line":17,"column":7}},"loc":{"start":{"line":17,"column":15},"end":{"line":27,"column":3}}},"2":{"name":"(anonymous_3)","decl":{"start":{"line":29,"column":2},"end":{"line":29,"column":7}},"loc":{"start":{"line":29,"column":13},"end":{"line":47,"column":3}}}},"branchMap":{"0":{"loc":{"start":{"line":31,"column":8},"end":{"line":33,"column":9}},"type":"if","locations":[{"start":{"line":31,"column":8},"end":{"line":33,"column":9}}]},"1":{"loc":{"start":{"line":34,"column":8},"end":{"line":36,"column":9}},"type":"if","locations":[{"start":{"line":34,"column":8},"end":{"line":36,"column":9}}]},"2":{"loc":{"start":{"line":40,"column":8},"end":{"line":43,"column":9}},"type":"if","locations":[{"start":{"line":40,"column":8},"end":{"line":43,"column":9}}]},"3":{"loc":{"start":{"line":40,"column":12},"end":{"line":40,"column":72}},"type":"binary-expr","locations":[{"start":{"line":40,"column":12},"end":{"line":40,"column":34}},{"start":{"line":40,"column":38},"end":{"line":40,"column":72}}]}},"s":{"0":2,"1":2,"2":2,"3":3,"4":3,"5":3,"6":3,"7":3,"8":3,"9":0,"10":0,"11":3,"12":3,"13":3,"14":3,"15":3,"16":3,"17":0,"18":0,"19":0,"20":0,"21":0,"22":2},"f":{"0":3,"1":3,"2":3},"b":{"0":[3],"1":[3],"2":[0],"3":[0,0]}}
,"/Users/yuksehyun/project/CV_Search/crawl-ts/src/message/Producer.ts": {"path":"/Users/yuksehyun/project/CV_Search/crawl-ts/src/message/Producer.ts","statementMap":{"0":{"start":{"line":2,"column":0},"end":{"line":2,"column":58}},"1":{"start":{"line":3,"column":0},"end":{"line":3,"column":74}},"2":{"start":{"line":4,"column":0},"end":{"line":4,"column":40}},"3":{"start":{"line":10,"column":4},"end":{"line":10,"column":17}},"4":{"start":{"line":19,"column":4},"end":{"line":22,"column":5}},"5":{"start":{"line":20,"column":6},"end":{"line":20,"column":66}},"6":{"start":{"line":21,"column":6},"end":{"line":21,"column":59}},"7":{"start":{"line":24,"column":4},"end":{"line":27,"column":5}},"8":{"start":{"line":25,"column":6},"end":{"line":25,"column":83}},"9":{"start":{"line":26,"column":6},"end":{"line":26,"column":86}},"10":{"start":{"line":29,"column":4},"end":{"line":29,"column":79}},"11":{"start":{"line":30,"column":4},"end":{"line":30,"column":73}},"12":{"start":{"line":6,"column":0},"end":{"line":6,"column":13}}},"fnMap":{"0":{"name":"(anonymous_0)","decl":{"start":{"line":9,"column":2},"end":{"line":9,"column":14}},"loc":{"start":{"line":9,"column":27},"end":{"line":11,"column":3}}},"1":{"name":"(anonymous_1)","decl":{"start":{"line":17,"column":2},"end":{"line":17,"column":7}},"loc":{"start":{"line":17,"column":40},"end":{"line":31,"column":3}}}},"branchMap":{"0":{"loc":{"start":{"line":19,"column":4},"end":{"line":22,"column":5}},"type":"if","locations":[{"start":{"line":19,"column":4},"end":{"line":22,"column":5}}]},"1":{"loc":{"start":{"line":24,"column":4},"end":{"line":27,"column":5}},"type":"if","locations":[{"start":{"line":24,"column":4},"end":{"line":27,"column":5}}]}},"s":{"0":2,"1":2,"2":2,"3":2,"4":4,"5":1,"6":1,"7":3,"8":0,"9":0,"10":3,"11":3,"12":2},"f":{"0":2,"1":4},"b":{"0":[1],"1":[0]}}
,"/Users/yuksehyun/project/CV_Search/crawl-ts/src/models/MysqlRecruitInfoModel.ts": {"path":"/Users/yuksehyun/project/CV_Search/crawl-ts/src/models/MysqlRecruitInfoModel.ts","statementMap":{"0":{"start":{"line":1,"column":0},"end":{"line":1,"column":54}},"1":{"start":{"line":6,"column":13},"end":{"line":29,"column":2}},"2":{"start":{"line":31,"column":0},"end":{"line":31,"column":13}},"3":{"start":{"line":53,"column":0},"end":{"line":53,"column":13}},"4":{"start":{"line":61,"column":0},"end":{"line":174,"column":2}},"5":{"start":{"line":178,"column":0},"end":{"line":198,"column":null}}},"fnMap":{},"branchMap":{"0":{"loc":{"start":{"line":7,"column":4},"end":{"line":7,"column":45}},"type":"binary-expr","locations":[{"start":{"line":7,"column":4},"end":{"line":7,"column":30}},{"start":{"line":7,"column":34},"end":{"line":7,"column":45}}]},"1":{"loc":{"start":{"line":8,"column":4},"end":{"line":8,"column":36}},"type":"binary-expr","locations":[{"start":{"line":8,"column":4},"end":{"line":8,"column":26}},{"start":{"line":8,"column":30},"end":{"line":8,"column":36}}]},"2":{"loc":{"start":{"line":9,"column":4},"end":{"line":9,"column":36}},"type":"binary-expr","locations":[{"start":{"line":9,"column":4},"end":{"line":9,"column":30}},{"start":{"line":9,"column":34},"end":{"line":9,"column":36}}]},"3":{"loc":{"start":{"line":11,"column":12},"end":{"line":11,"column":49}},"type":"binary-expr","locations":[{"start":{"line":11,"column":12},"end":{"line":11,"column":34}},{"start":{"line":11,"column":38},"end":{"line":11,"column":49}}]},"4":{"loc":{"start":{"line":12,"column":13},"end":{"line":12,"column":77}},"type":"cond-expr","locations":[{"start":{"line":12,"column":38},"end":{"line":12,"column":70}},{"start":{"line":12,"column":73},"end":{"line":12,"column":77}}]},"5":{"loc":{"start":{"line":14,"column":15},"end":{"line":14,"column":75}},"type":"cond-expr","locations":[{"start":{"line":14,"column":56},"end":{"line":14,"column":67}},{"start":{"line":14,"column":70},"end":{"line":14,"column":75}}]}},"s":{"0":3,"1":3,"2":3,"3":3,"4":3,"5":3},"f":{},"b":{"0":[3,0],"1":[3,0],"2":[3,0],"3":[3,0],"4":[3,0],"5":[0,3]}}
,"/Users/yuksehyun/project/CV_Search/crawl-ts/src/models/RawContentModel.ts": {"path":"/Users/yuksehyun/project/CV_Search/crawl-ts/src/models/RawContentModel.ts","statementMap":{"0":{"start":{"line":1,"column":0},"end":{"line":1,"column":23}},"1":{"start":{"line":41,"column":13},"end":{"line":49,"column":3}}},"fnMap":{},"branchMap":{},"s":{"0":2,"1":2},"f":{},"b":{}}
,"/Users/yuksehyun/project/CV_Search/crawl-ts/src/scripts/deleteAllNotVaildUrl.ts": {"path":"/Users/yuksehyun/project/CV_Search/crawl-ts/src/scripts/deleteAllNotVaildUrl.ts","statementMap":{"0":{"start":{"line":26,"column":0},"end":{"line":26,"column":7}},"1":{"start":{"line":1,"column":0},"end":{"line":1,"column":23}},"2":{"start":{"line":2,"column":0},"end":{"line":2,"column":65}},"3":{"start":{"line":3,"column":0},"end":{"line":3,"column":26}},"4":{"start":{"line":4,"column":0},"end":{"line":4,"column":35}},"5":{"start":{"line":5,"column":0},"end":{"line":5,"column":84}},"6":{"start":{"line":6,"column":0},"end":{"line":6,"column":50}},"7":{"start":{"line":7,"column":18},"end":{"line":7,"column":38}},"8":{"start":{"line":13,"column":35},"end":{"line":13,"column":67}},"9":{"start":{"line":14,"column":32},"end":{"line":22,"column":2}},"10":{"start":{"line":28,"column":2},"end":{"line":85,"column":3}},"11":{"start":{"line":29,"column":21},"end":{"line":29,"column":41}},"12":{"start":{"line":31,"column":18},"end":{"line":31,"column":31}},"13":{"start":{"line":32,"column":24},"end":{"line":32,"column":56}},"14":{"start":{"line":34,"column":4},"end":{"line":45,"column":5}},"15":{"start":{"line":39,"column":6},"end":{"line":44,"column":8}},"16":{"start":{"line":46,"column":20},"end":{"line":46,"column":53}},"17":{"start":{"line":47,"column":35},"end":{"line":48,"column":null}},"18":{"start":{"line":48,"column":6},"end":{"line":48,"column":28}},"19":{"start":{"line":51,"column":4},"end":{"line":68,"column":5}},"20":{"start":{"line":52,"column":6},"end":{"line":52,"column":70}},"21":{"start":{"line":53,"column":6},"end":{"line":60,"column":8}},"22":{"start":{"line":62,"column":6},"end":{"line":66,"column":8}},"23":{"start":{"line":70,"column":4},"end":{"line":78,"column":5}},"24":{"start":{"line":71,"column":6},"end":{"line":71,"column":56}},"25":{"start":{"line":72,"column":6},"end":{"line":77,"column":8}},"26":{"start":{"line":79,"column":4},"end":{"line":84,"column":8}},"27":{"start":{"line":89,"column":26},"end":{"line":89,"column":86}},"28":{"start":{"line":90,"column":36},"end":{"line":90,"column":38}},"29":{"start":{"line":97,"column":8},"end":{"line":97,"column":10}},"30":{"start":{"line":98,"column":2},"end":{"line":118,"column":3}},"31":{"start":{"line":100,"column":6},"end":{"line":117,"column":null}},"32":{"start":{"line":102,"column":10},"end":{"line":108,"column":13}},"33":{"start":{"line":109,"column":10},"end":{"line":109,"column":22}},"34":{"start":{"line":113,"column":8},"end":{"line":113,"column":59}},"35":{"start":{"line":114,"column":8},"end":{"line":114,"column":21}},"36":{"start":{"line":120,"column":2},"end":{"line":120,"column":27}},"37":{"start":{"line":121,"column":2},"end":{"line":121,"column":94}},"38":{"start":{"line":122,"column":23},"end":{"line":122,"column":60}},"39":{"start":{"line":122,"column":43},"end":{"line":122,"column":52}},"40":{"start":{"line":123,"column":20},"end":{"line":123,"column":49}},"41":{"start":{"line":124,"column":2},"end":{"line":124,"column":39}},"42":{"start":{"line":125,"column":2},"end":{"line":125,"column":36}},"43":{"start":{"line":126,"column":2},"end":{"line":126,"column":49}},"44":{"start":{"line":126,"column":29},"end":{"line":126,"column":47}},"45":{"start":{"line":130,"column":0},"end":{"line":176,"column":1}},"46":{"start":{"line":131,"column":2},"end":{"line":175,"column":7}},"47":{"start":{"line":132,"column":18},"end":{"line":132,"column":44}},"48":{"start":{"line":133,"column":4},"end":{"line":154,"column":null}},"49":{"start":{"line":135,"column":28},"end":{"line":135,"column":40}},"50":{"start":{"line":136,"column":8},"end":{"line":136,"column":51}},"51":{"start":{"line":137,"column":42},"end":{"line":137,"column":44}},"52":{"start":{"line":138,"column":8},"end":{"line":150,"column":9}},"53":{"start":{"line":139,"column":10},"end":{"line":149,"column":12}},"54":{"start":{"line":142,"column":16},"end":{"line":142,"column":64}},"55":{"start":{"line":143,"column":16},"end":{"line":143,"column":28}},"56":{"start":{"line":146,"column":16},"end":{"line":146,"column":71}},"57":{"start":{"line":147,"column":16},"end":{"line":147,"column":29}},"58":{"start":{"line":151,"column":29},"end":{"line":151,"column":85}},"59":{"start":{"line":151,"column":68},"end":{"line":151,"column":77}},"60":{"start":{"line":152,"column":8},"end":{"line":152,"column":70}}},"fnMap":{"0":{"name":"checkUrl","decl":{"start":{"line":26,"column":22},"end":{"line":26,"column":30}},"loc":{"start":{"line":26,"column":42},"end":{"line":86,"column":1}}},"1":{"name":"(anonymous_2)","decl":{"start":{"line":47,"column":64},"end":{"line":47,"column":71}},"loc":{"start":{"line":48,"column":6},"end":{"line":48,"column":28}}},"2":{"name":"getNotVaildUrls","decl":{"start":{"line":88,"column":15},"end":{"line":88,"column":30}},"loc":{"start":{"line":88,"column":30},"end":{"line":127,"column":1}}},"3":{"name":"(anonymous_4)","decl":{"start":{"line":101,"column":14},"end":{"line":101,"column":15}},"loc":{"start":{"line":101,"column":25},"end":{"line":110,"column":9}}},"4":{"name":"(anonymous_5)","decl":{"start":{"line":112,"column":13},"end":{"line":112,"column":14}},"loc":{"start":{"line":112,"column":23},"end":{"line":115,"column":7}}},"5":{"name":"(anonymous_6)","decl":{"start":{"line":122,"column":38},"end":{"line":122,"column":39}},"loc":{"start":{"line":122,"column":43},"end":{"line":122,"column":52}}},"6":{"name":"(anonymous_7)","decl":{"start":{"line":126,"column":24},"end":{"line":126,"column":25}},"loc":{"start":{"line":126,"column":29},"end":{"line":126,"column":47}}},"7":{"name":"(anonymous_8)","decl":{"start":{"line":131,"column":3},"end":{"line":131,"column":8}},"loc":{"start":{"line":131,"column":14},"end":{"line":175,"column":3}}},"8":{"name":"(anonymous_9)","decl":{"start":{"line":134,"column":12},"end":{"line":134,"column":17}},"loc":{"start":{"line":134,"column":28},"end":{"line":153,"column":7}}},"9":{"name":"(anonymous_10)","decl":{"start":{"line":141,"column":20},"end":{"line":141,"column":23}},"loc":{"start":{"line":141,"column":25},"end":{"line":144,"column":15}}},"10":{"name":"(anonymous_11)","decl":{"start":{"line":145,"column":21},"end":{"line":145,"column":22}},"loc":{"start":{"line":145,"column":31},"end":{"line":148,"column":15}}},"11":{"name":"(anonymous_12)","decl":{"start":{"line":151,"column":63},"end":{"line":151,"column":64}},"loc":{"start":{"line":151,"column":68},"end":{"line":151,"column":77}}}},"branchMap":{"0":{"loc":{"start":{"line":34,"column":4},"end":{"line":45,"column":5}},"type":"if","locations":[{"start":{"line":34,"column":4},"end":{"line":45,"column":5}},{"start":{"line":37,"column":11},"end":{"line":45,"column":5}}]},"1":{"loc":{"start":{"line":46,"column":20},"end":{"line":46,"column":53}},"type":"binary-expr","locations":[{"start":{"line":46,"column":20},"end":{"line":46,"column":25}},{"start":{"line":46,"column":29},"end":{"line":46,"column":53}}]},"2":{"loc":{"start":{"line":51,"column":4},"end":{"line":68,"column":5}},"type":"if","locations":[{"start":{"line":51,"column":4},"end":{"line":68,"column":5}},{"start":{"line":61,"column":11},"end":{"line":68,"column":5}}]},"3":{"loc":{"start":{"line":51,"column":8},"end":{"line":51,"column":41}},"type":"binary-expr","locations":[{"start":{"line":51,"column":8},"end":{"line":51,"column":15}},{"start":{"line":51,"column":19},"end":{"line":51,"column":41}}]},"4":{"loc":{"start":{"line":52,"column":29},"end":{"line":52,"column":58}},"type":"cond-expr","locations":[{"start":{"line":52,"column":39},"end":{"line":52,"column":46}},{"start":{"line":52,"column":49},"end":{"line":52,"column":58}}]},"5":{"loc":{"start":{"line":57,"column":16},"end":{"line":59,"column":39}},"type":"cond-expr","locations":[{"start":{"line":58,"column":12},"end":{"line":58,"column":24}},{"start":{"line":59,"column":12},"end":{"line":59,"column":39}}]},"6":{"loc":{"start":{"line":70,"column":4},"end":{"line":78,"column":5}},"type":"if","locations":[{"start":{"line":70,"column":4},"end":{"line":78,"column":5}}]},"7":{"loc":{"start":{"line":74,"column":16},"end":{"line":74,"column":57}},"type":"binary-expr","locations":[{"start":{"line":74,"column":16},"end":{"line":74,"column":38}},{"start":{"line":74,"column":42},"end":{"line":74,"column":57}}]},"8":{"loc":{"start":{"line":130,"column":0},"end":{"line":176,"column":1}},"type":"if","locations":[{"start":{"line":130,"column":0},"end":{"line":176,"column":1}}]}},"s":{"0":1,"1":1,"2":1,"3":1,"4":1,"5":1,"6":1,"7":1,"8":1,"9":1,"10":1,"11":1,"12":1,"13":1,"14":1,"15":1,"16":0,"17":0,"18":0,"19":0,"20":0,"21":0,"22":0,"23":0,"24":0,"25":0,"26":0,"27":0,"28":0,"29":0,"30":0,"31":0,"32":0,"33":0,"34":0,"35":0,"36":0,"37":0,"38":0,"39":0,"40":0,"41":0,"42":0,"43":0,"44":0,"45":1,"46":0,"47":0,"48":0,"49":0,"50":0,"51":0,"52":0,"53":0,"54":0,"55":0,"56":0,"57":0,"58":0,"59":0,"60":0},"f":{"0":1,"1":0,"2":0,"3":0,"4":0,"5":0,"6":0,"7":0,"8":0,"9":0,"10":0,"11":0},"b":{"0":[0,1],"1":[0,0],"2":[0,0],"3":[0,0],"4":[0,0],"5":[0,0],"6":[0],"7":[0,0],"8":[0]}}
,"/Users/yuksehyun/project/CV_Search/crawl-ts/src/url/RedisUrlManager.ts": {"path":"/Users/yuksehyun/project/CV_Search/crawl-ts/src/url/RedisUrlManager.ts","statementMap":{"0":{"start":{"line":3,"column":2},"end":{"line":3,"column":75}},"1":{"start":{"line":4,"column":2},"end":{"line":4,"column":60}},"2":{"start":{"line":5,"column":2},"end":{"line":5,"column":28}},"3":{"start":{"line":6,"column":2},"end":{"line":6,"column":55}},"4":{"start":{"line":7,"column":33},"end":{"line":10,"column":4}},"5":{"start":{"line":27,"column":4},"end":{"line":27,"column":58}},"6":{"start":{"line":37,"column":12},"end":{"line":37,"column":43}},"7":{"start":{"line":42,"column":12},"end":{"line":42,"column":44}},"8":{"start":{"line":47,"column":12},"end":{"line":47,"column":39}},"9":{"start":{"line":52,"column":12},"end":{"line":52,"column":35}},"10":{"start":{"line":59,"column":6},"end":{"line":59,"column":31}},"11":{"start":{"line":60,"column":6},"end":{"line":62,"column":7}},"12":{"start":{"line":61,"column":8},"end":{"line":61,"column":null}},"13":{"start":{"line":69,"column":6},"end":{"line":80,"column":7}},"14":{"start":{"line":70,"column":8},"end":{"line":70,"column":41}},"15":{"start":{"line":71,"column":21},"end":{"line":71,"column":50}},"16":{"start":{"line":72,"column":8},"end":{"line":76,"column":9}},"17":{"start":{"line":73,"column":10},"end":{"line":73,"column":53}},"18":{"start":{"line":75,"column":10},"end":{"line":75,"column":65}},"19":{"start":{"line":78,"column":8},"end":{"line":78,"column":44}},"20":{"start":{"line":79,"column":8},"end":{"line":79,"column":20}},"21":{"start":{"line":88,"column":21},"end":{"line":88,"column":44}},"22":{"start":{"line":89,"column":6},"end":{"line":105,"column":7}},"23":{"start":{"line":90,"column":38},"end":{"line":90,"column":103}},"24":{"start":{"line":91,"column":22},"end":{"line":91,"column":46}},"25":{"start":{"line":92,"column":8},"end":{"line":95,"column":9}},"26":{"start":{"line":93,"column":10},"end":{"line":93,"column":74}},"27":{"start":{"line":94,"column":10},"end":{"line":94,"column":42}},"28":{"start":{"line":97,"column":8},"end":{"line":97,"column":55}},"29":{"start":{"line":98,"column":8},"end":{"line":98,"column":72}},"30":{"start":{"line":99,"column":8},"end":{"line":99,"column":35}},"31":{"start":{"line":101,"column":8},"end":{"line":101,"column":27}},"32":{"start":{"line":103,"column":8},"end":{"line":103,"column":88}},"33":{"start":{"line":104,"column":8},"end":{"line":104,"column":20}},"34":{"start":{"line":109,"column":21},"end":{"line":109,"column":44}},"35":{"start":{"line":110,"column":6},"end":{"line":122,"column":7}},"36":{"start":{"line":111,"column":22},"end":{"line":111,"column":46}},"37":{"start":{"line":112,"column":8},"end":{"line":112,"column":72}},"38":{"start":{"line":113,"column":8},"end":{"line":113,"column":40}},"39":{"start":{"line":114,"column":8},"end":{"line":114,"column":55}},"40":{"start":{"line":115,"column":8},"end":{"line":115,"column":72}},"41":{"start":{"line":116,"column":8},"end":{"line":116,"column":35}},"42":{"start":{"line":117,"column":8},"end":{"line":117,"column":27}},"43":{"start":{"line":120,"column":8},"end":{"line":120,"column":88}},"44":{"start":{"line":121,"column":8},"end":{"line":121,"column":20}},"45":{"start":{"line":130,"column":23},"end":{"line":130,"column":58}},"46":{"start":{"line":132,"column":6},"end":{"line":141,"column":7}},"47":{"start":{"line":133,"column":23},"end":{"line":133,"column":65}},"48":{"start":{"line":134,"column":8},"end":{"line":136,"column":9}},"49":{"start":{"line":135,"column":10},"end":{"line":135,"column":37}},"50":{"start":{"line":137,"column":8},"end":{"line":137,"column":20}},"51":{"start":{"line":139,"column":8},"end":{"line":139,"column":58}},"52":{"start":{"line":140,"column":8},"end":{"line":140,"column":20}},"53":{"start":{"line":151,"column":25},"end":{"line":151,"column":44}},"54":{"start":{"line":153,"column":8},"end":{"line":158,"column":9}},"55":{"start":{"line":154,"column":26},"end":{"line":154,"column":62}},"56":{"start":{"line":155,"column":10},"end":{"line":155,"column":25}},"57":{"start":{"line":157,"column":10},"end":{"line":157,"column":78}},"58":{"start":{"line":167,"column":6},"end":{"line":173,"column":7}},"59":{"start":{"line":168,"column":23},"end":{"line":168,"column":35}},"60":{"start":{"line":169,"column":8},"end":{"line":169,"column":31}},"61":{"start":{"line":171,"column":8},"end":{"line":171,"column":57}},"62":{"start":{"line":172,"column":8},"end":{"line":172,"column":20}},"63":{"start":{"line":183,"column":6},"end":{"line":191,"column":7}},"64":{"start":{"line":184,"column":8},"end":{"line":184,"column":55}},"65":{"start":{"line":187,"column":8},"end":{"line":189,"column":9}},"66":{"start":{"line":188,"column":10},"end":{"line":188,"column":72}},"67":{"start":{"line":190,"column":8},"end":{"line":190,"column":18}},"68":{"start":{"line":202,"column":6},"end":{"line":208,"column":7}},"69":{"start":{"line":203,"column":8},"end":{"line":203,"column":75}},"70":{"start":{"line":206,"column":8},"end":{"line":206,"column":74}},"71":{"start":{"line":207,"column":8},"end":{"line":207,"column":18}},"72":{"start":{"line":218,"column":6},"end":{"line":223,"column":7}},"73":{"start":{"line":219,"column":8},"end":{"line":219,"column":58}},"74":{"start":{"line":221,"column":8},"end":{"line":221,"column":49}},"75":{"start":{"line":222,"column":8},"end":{"line":222,"column":20}},"76":{"start":{"line":230,"column":6},"end":{"line":242,"column":7}},"77":{"start":{"line":232,"column":8},"end":{"line":232,"column":75}},"78":{"start":{"line":233,"column":8},"end":{"line":237,"column":9}},"79":{"start":{"line":234,"column":10},"end":{"line":234,"column":80}},"80":{"start":{"line":236,"column":10},"end":{"line":236,"column":59}},"81":{"start":{"line":239,"column":20},"end":{"line":239,"column":32}},"82":{"start":{"line":240,"column":8},"end":{"line":240,"column":61}},"83":{"start":{"line":241,"column":8},"end":{"line":241,"column":35}},"84":{"start":{"line":250,"column":6},"end":{"line":262,"column":7}},"85":{"start":{"line":251,"column":8},"end":{"line":251,"column":55}},"86":{"start":{"line":254,"column":8},"end":{"line":256,"column":9}},"87":{"start":{"line":255,"column":10},"end":{"line":255,"column":45}},"88":{"start":{"line":258,"column":8},"end":{"line":258,"column":42}},"89":{"start":{"line":260,"column":8},"end":{"line":260,"column":56}},"90":{"start":{"line":261,"column":8},"end":{"line":261,"column":20}},"91":{"start":{"line":271,"column":21},"end":{"line":271,"column":92}},"92":{"start":{"line":272,"column":6},"end":{"line":282,"column":7}},"93":{"start":{"line":274,"column":8},"end":{"line":277,"column":9}},"94":{"start":{"line":275,"column":10},"end":{"line":275,"column":null}},"95":{"start":{"line":276,"column":10},"end":{"line":276,"column":54}},"96":{"start":{"line":278,"column":8},"end":{"line":278,"column":20}},"97":{"start":{"line":280,"column":8},"end":{"line":280,"column":82}},"98":{"start":{"line":281,"column":8},"end":{"line":281,"column":20}},"99":{"start":{"line":289,"column":6},"end":{"line":319,"column":7}},"100":{"start":{"line":291,"column":8},"end":{"line":293,"column":9}},"101":{"start":{"line":292,"column":10},"end":{"line":292,"column":44}},"102":{"start":{"line":296,"column":8},"end":{"line":300,"column":9}},"103":{"start":{"line":297,"column":10},"end":{"line":297,"column":48}},"104":{"start":{"line":298,"column":10},"end":{"line":298,"column":34}},"105":{"start":{"line":299,"column":10},"end":{"line":299,"column":22}},"106":{"start":{"line":303,"column":23},"end":{"line":303,"column":69}},"107":{"start":{"line":304,"column":8},"end":{"line":304,"column":95}},"108":{"start":{"line":306,"column":23},"end":{"line":306,"column":62}},"109":{"start":{"line":307,"column":8},"end":{"line":312,"column":9}},"110":{"start":{"line":308,"column":10},"end":{"line":308,"column":72}},"111":{"start":{"line":310,"column":10},"end":{"line":310,"column":71}},"112":{"start":{"line":311,"column":10},"end":{"line":311,"column":22}},"113":{"start":{"line":314,"column":8},"end":{"line":314,"column":22}},"114":{"start":{"line":316,"column":20},"end":{"line":316,"column":32}},"115":{"start":{"line":317,"column":8},"end":{"line":317,"column":62}},"116":{"start":{"line":318,"column":8},"end":{"line":318,"column":40}},"117":{"start":{"line":329,"column":8},"end":{"line":338,"column":9}},"118":{"start":{"line":330,"column":31},"end":{"line":330,"column":53}},"119":{"start":{"line":331,"column":23},"end":{"line":331,"column":70}},"120":{"start":{"line":332,"column":20},"end":{"line":332,"column":36}},"121":{"start":{"line":333,"column":23},"end":{"line":333,"column":57}},"122":{"start":{"line":334,"column":8},"end":{"line":334,"column":28}},"123":{"start":{"line":336,"column":8},"end":{"line":336,"column":59}},"124":{"start":{"line":337,"column":8},"end":{"line":337,"column":20}},"125":{"start":{"line":347,"column":8},"end":{"line":360,"column":9}},"126":{"start":{"line":348,"column":31},"end":{"line":348,"column":53}},"127":{"start":{"line":349,"column":23},"end":{"line":349,"column":70}},"128":{"start":{"line":350,"column":20},"end":{"line":350,"column":36}},"129":{"start":{"line":351,"column":23},"end":{"line":351,"column":57}},"130":{"start":{"line":352,"column":8},"end":{"line":354,"column":9}},"131":{"start":{"line":353,"column":10},"end":{"line":353,"column":23}},"132":{"start":{"line":355,"column":8},"end":{"line":355,"column":46}},"133":{"start":{"line":356,"column":8},"end":{"line":356,"column":20}},"134":{"start":{"line":358,"column":8},"end":{"line":358,"column":56}},"135":{"start":{"line":359,"column":8},"end":{"line":359,"column":20}},"136":{"start":{"line":370,"column":6},"end":{"line":370,"column":57}},"137":{"start":{"line":383,"column":6},"end":{"line":400,"column":7}},"138":{"start":{"line":384,"column":32},"end":{"line":384,"column":73}},"139":{"start":{"line":386,"column":8},"end":{"line":396,"column":9}},"140":{"start":{"line":387,"column":10},"end":{"line":387,"column":58}},"141":{"start":{"line":389,"column":10},"end":{"line":389,"column":63}},"142":{"start":{"line":391,"column":10},"end":{"line":391,"column":54}},"143":{"start":{"line":393,"column":10},"end":{"line":393,"column":63}},"144":{"start":{"line":395,"column":10},"end":{"line":395,"column":46}},"145":{"start":{"line":398,"column":8},"end":{"line":398,"column":66}},"146":{"start":{"line":399,"column":8},"end":{"line":399,"column":20}},"147":{"start":{"line":407,"column":6},"end":{"line":407,"column":24}},"148":{"start":{"line":408,"column":6},"end":{"line":412,"column":7}},"149":{"start":{"line":409,"column":8},"end":{"line":409,"column":41}},"150":{"start":{"line":410,"column":8},"end":{"line":410,"column":28}},"151":{"start":{"line":411,"column":8},"end":{"line":411,"column":20}},"152":{"start":{"line":413,"column":6},"end":{"line":413,"column":53}},"153":{"start":{"line":414,"column":6},"end":{"line":414,"column":31}},"154":{"start":{"line":23,"column":2},"end":{"line":23,"column":15}}},"fnMap":{"0":{"name":"(anonymous_9)","decl":{"start":{"line":58,"column":4},"end":{"line":58,"column":16}},"loc":{"start":{"line":58,"column":44},"end":{"line":63,"column":5}}},"1":{"name":"(anonymous_10)","decl":{"start":{"line":68,"column":4},"end":{"line":68,"column":9}},"loc":{"start":{"line":68,"column":17},"end":{"line":81,"column":5}}},"2":{"name":"(anonymous_11)","decl":{"start":{"line":87,"column":4},"end":{"line":87,"column":9}},"loc":{"start":{"line":87,"column":56},"end":{"line":106,"column":5}}},"3":{"name":"(anonymous_12)","decl":{"start":{"line":108,"column":4},"end":{"line":108,"column":9}},"loc":{"start":{"line":108,"column":90},"end":{"line":123,"column":5}}},"4":{"name":"(anonymous_13)","decl":{"start":{"line":129,"column":4},"end":{"line":129,"column":9}},"loc":{"start":{"line":129,"column":34},"end":{"line":142,"column":5}}},"5":{"name":"(anonymous_14)","decl":{"start":{"line":150,"column":6},"end":{"line":150,"column":11}},"loc":{"start":{"line":150,"column":37},"end":{"line":159,"column":7}}},"6":{"name":"(anonymous_15)","decl":{"start":{"line":166,"column":12},"end":{"line":166,"column":25}},"loc":{"start":{"line":166,"column":37},"end":{"line":174,"column":5}}},"7":{"name":"(anonymous_16)","decl":{"start":{"line":182,"column":4},"end":{"line":182,"column":9}},"loc":{"start":{"line":182,"column":43},"end":{"line":192,"column":5}}},"8":{"name":"(anonymous_17)","decl":{"start":{"line":201,"column":4},"end":{"line":201,"column":9}},"loc":{"start":{"line":201,"column":88},"end":{"line":209,"column":5}}},"9":{"name":"(anonymous_18)","decl":{"start":{"line":217,"column":4},"end":{"line":217,"column":9}},"loc":{"start":{"line":217,"column":23},"end":{"line":224,"column":5}}},"10":{"name":"(anonymous_19)","decl":{"start":{"line":229,"column":4},"end":{"line":229,"column":9}},"loc":{"start":{"line":229,"column":30},"end":{"line":243,"column":5}}},"11":{"name":"(anonymous_20)","decl":{"start":{"line":249,"column":4},"end":{"line":249,"column":9}},"loc":{"start":{"line":249,"column":34},"end":{"line":263,"column":5}}},"12":{"name":"(anonymous_21)","decl":{"start":{"line":270,"column":4},"end":{"line":270,"column":9}},"loc":{"start":{"line":270,"column":45},"end":{"line":283,"column":5}}},"13":{"name":"(anonymous_22)","decl":{"start":{"line":288,"column":4},"end":{"line":288,"column":9}},"loc":{"start":{"line":288,"column":20},"end":{"line":320,"column":5}}},"14":{"name":"(anonymous_23)","decl":{"start":{"line":328,"column":6},"end":{"line":328,"column":11}},"loc":{"start":{"line":328,"column":35},"end":{"line":339,"column":7}}},"15":{"name":"(anonymous_24)","decl":{"start":{"line":330,"column":31},"end":{"line":330,"column":44}},"loc":{"start":{"line":330,"column":31},"end":{"line":330,"column":53}}},"16":{"name":"(anonymous_25)","decl":{"start":{"line":346,"column":6},"end":{"line":346,"column":11}},"loc":{"start":{"line":346,"column":37},"end":{"line":361,"column":7}}},"17":{"name":"(anonymous_26)","decl":{"start":{"line":348,"column":31},"end":{"line":348,"column":44}},"loc":{"start":{"line":348,"column":31},"end":{"line":348,"column":53}}},"18":{"name":"(anonymous_27)","decl":{"start":{"line":369,"column":4},"end":{"line":369,"column":9}},"loc":{"start":{"line":369,"column":48},"end":{"line":371,"column":5}}},"19":{"name":"(anonymous_28)","decl":{"start":{"line":382,"column":11},"end":{"line":382,"column":16}},"loc":{"start":{"line":382,"column":73},"end":{"line":401,"column":5}}},"20":{"name":"(anonymous_29)","decl":{"start":{"line":406,"column":4},"end":{"line":406,"column":9}},"loc":{"start":{"line":406,"column":27},"end":{"line":415,"column":5}}}},"branchMap":{"0":{"loc":{"start":{"line":60,"column":6},"end":{"line":62,"column":7}},"type":"if","locations":[{"start":{"line":60,"column":6},"end":{"line":62,"column":7}}]},"1":{"loc":{"start":{"line":72,"column":8},"end":{"line":76,"column":9}},"type":"if","locations":[{"start":{"line":72,"column":8},"end":{"line":76,"column":9}},{"start":{"line":74,"column":15},"end":{"line":76,"column":9}}]},"2":{"loc":{"start":{"line":92,"column":8},"end":{"line":95,"column":9}},"type":"if","locations":[{"start":{"line":92,"column":8},"end":{"line":95,"column":9}}]},"3":{"loc":{"start":{"line":134,"column":8},"end":{"line":136,"column":9}},"type":"if","locations":[{"start":{"line":134,"column":8},"end":{"line":136,"column":9}}]},"4":{"loc":{"start":{"line":187,"column":8},"end":{"line":189,"column":9}},"type":"if","locations":[{"start":{"line":187,"column":8},"end":{"line":189,"column":9}}]},"5":{"loc":{"start":{"line":201,"column":70},"end":{"line":201,"column":88}},"type":"default-arg","locations":[{"start":{"line":201,"column":86},"end":{"line":201,"column":88}}]},"6":{"loc":{"start":{"line":233,"column":8},"end":{"line":237,"column":9}},"type":"if","locations":[{"start":{"line":233,"column":8},"end":{"line":237,"column":9}},{"start":{"line":235,"column":15},"end":{"line":237,"column":9}}]},"7":{"loc":{"start":{"line":240,"column":41},"end":{"line":240,"column":59}},"type":"binary-expr","locations":[{"start":{"line":240,"column":41},"end":{"line":240,"column":52}},{"start":{"line":240,"column":56},"end":{"line":240,"column":59}}]},"8":{"loc":{"start":{"line":254,"column":8},"end":{"line":256,"column":9}},"type":"if","locations":[{"start":{"line":254,"column":8},"end":{"line":256,"column":9}}]},"9":{"loc":{"start":{"line":274,"column":8},"end":{"line":277,"column":9}},"type":"if","locations":[{"start":{"line":274,"column":8},"end":{"line":277,"column":9}}]},"10":{"loc":{"start":{"line":291,"column":8},"end":{"line":293,"column":9}},"type":"if","locations":[{"start":{"line":291,"column":8},"end":{"line":293,"column":9}}]},"11":{"loc":{"start":{"line":296,"column":8},"end":{"line":300,"column":9}},"type":"if","locations":[{"start":{"line":296,"column":8},"end":{"line":300,"column":9}}]},"12":{"loc":{"start":{"line":307,"column":8},"end":{"line":312,"column":9}},"type":"if","locations":[{"start":{"line":307,"column":8},"end":{"line":312,"column":9}}]},"13":{"loc":{"start":{"line":307,"column":12},"end":{"line":307,"column":82}},"type":"binary-expr","locations":[{"start":{"line":307,"column":12},"end":{"line":307,"column":18}},{"start":{"line":307,"column":22},"end":{"line":307,"column":82}}]},"14":{"loc":{"start":{"line":317,"column":42},"end":{"line":317,"column":60}},"type":"binary-expr","locations":[{"start":{"line":317,"column":42},"end":{"line":317,"column":53}},{"start":{"line":317,"column":57},"end":{"line":317,"column":60}}]},"15":{"loc":{"start":{"line":352,"column":8},"end":{"line":354,"column":9}},"type":"if","locations":[{"start":{"line":352,"column":8},"end":{"line":354,"column":9}}]},"16":{"loc":{"start":{"line":386,"column":8},"end":{"line":396,"column":9}},"type":"if","locations":[{"start":{"line":386,"column":8},"end":{"line":396,"column":9}}]},"17":{"loc":{"start":{"line":408,"column":6},"end":{"line":412,"column":7}},"type":"if","locations":[{"start":{"line":408,"column":6},"end":{"line":412,"column":7}}]}},"s":{"0":1,"1":1,"2":1,"3":1,"4":1,"5":1,"6":1,"7":1,"8":1,"9":1,"10":1,"11":1,"12":0,"13":1,"14":1,"15":1,"16":1,"17":1,"18":0,"19":0,"20":0,"21":1,"22":1,"23":1,"24":1,"25":1,"26":1,"27":1,"28":1,"29":1,"30":1,"31":1,"32":0,"33":0,"34":0,"35":0,"36":0,"37":0,"38":0,"39":0,"40":0,"41":0,"42":0,"43":0,"44":0,"45":0,"46":0,"47":0,"48":0,"49":0,"50":0,"51":0,"52":0,"53":0,"54":0,"55":0,"56":0,"57":0,"58":3,"59":3,"60":3,"61":0,"62":0,"63":0,"64":0,"65":0,"66":0,"67":0,"68":0,"69":0,"70":0,"71":0,"72":0,"73":0,"74":0,"75":0,"76":0,"77":0,"78":0,"79":0,"80":0,"81":0,"82":0,"83":0,"84":0,"85":0,"86":0,"87":0,"88":0,"89":0,"90":0,"91":0,"92":0,"93":0,"94":0,"95":0,"96":0,"97":0,"98":0,"99":0,"100":0,"101":0,"102":0,"103":0,"104":0,"105":0,"106":0,"107":0,"108":0,"109":0,"110":0,"111":0,"112":0,"113":0,"114":0,"115":0,"116":0,"117":0,"118":0,"119":0,"120":0,"121":0,"122":0,"123":0,"124":0,"125":0,"126":0,"127":0,"128":0,"129":0,"130":0,"131":0,"132":0,"133":0,"134":0,"135":0,"136":0,"137":0,"138":0,"139":0,"140":0,"141":0,"142":0,"143":0,"144":0,"145":0,"146":0,"147":0,"148":0,"149":0,"150":0,"151":0,"152":0,"153":0,"154":1},"f":{"0":1,"1":1,"2":1,"3":0,"4":0,"5":0,"6":3,"7":0,"8":0,"9":0,"10":0,"11":0,"12":0,"13":0,"14":0,"15":0,"16":0,"17":0,"18":0,"19":0,"20":0},"b":{"0":[0],"1":[1,0],"2":[1],"3":[0],"4":[0],"5":[0],"6":[0,0],"7":[0,0],"8":[0],"9":[0],"10":[0],"11":[0],"12":[0],"13":[0,0],"14":[0,0],"15":[0],"16":[0],"17":[0]}}
,"/Users/yuksehyun/project/CV_Search/crawl-ts/src/url/urlUtils.ts": {"path":"/Users/yuksehyun/project/CV_Search/crawl-ts/src/url/urlUtils.ts","statementMap":{"0":{"start":{"line":26,"column":0},"end":{"line":26,"column":16}},"1":{"start":{"line":49,"column":0},"end":{"line":49,"column":16}},"2":{"start":{"line":103,"column":0},"end":{"line":103,"column":7}},"3":{"start":{"line":140,"column":0},"end":{"line":140,"column":7}},"4":{"start":{"line":4,"column":0},"end":{"line":4,"column":45}},"5":{"start":{"line":5,"column":0},"end":{"line":5,"column":26}},"6":{"start":{"line":6,"column":0},"end":{"line":6,"column":58}},"7":{"start":{"line":27,"column":2},"end":{"line":40,"column":3}},"8":{"start":{"line":28,"column":4},"end":{"line":30,"column":5}},"9":{"start":{"line":29,"column":6},"end":{"line":29,"column":16}},"10":{"start":{"line":33,"column":28},"end":{"line":33,"column":74}},"11":{"start":{"line":35,"column":22},"end":{"line":35,"column":46}},"12":{"start":{"line":36,"column":4},"end":{"line":36,"column":30}},"13":{"start":{"line":38,"column":4},"end":{"line":38,"column":61}},"14":{"start":{"line":39,"column":4},"end":{"line":39,"column":14}},"15":{"start":{"line":50,"column":2},"end":{"line":95,"column":3}},"16":{"start":{"line":52,"column":4},"end":{"line":52,"column":27}},"17":{"start":{"line":52,"column":14},"end":{"line":52,"column":27}},"18":{"start":{"line":53,"column":4},"end":{"line":53,"column":46}},"19":{"start":{"line":53,"column":33},"end":{"line":53,"column":46}},"20":{"start":{"line":54,"column":4},"end":{"line":79,"column":19}},"21":{"start":{"line":79,"column":6},"end":{"line":79,"column":19}},"22":{"start":{"line":83,"column":4},"end":{"line":83,"column":49}},"23":{"start":{"line":83,"column":37},"end":{"line":83,"column":49}},"24":{"start":{"line":85,"column":19},"end":{"line":85,"column":37}},"25":{"start":{"line":86,"column":4},"end":{"line":86,"column":30}},"26":{"start":{"line":86,"column":17},"end":{"line":86,"column":30}},"27":{"start":{"line":89,"column":4},"end":{"line":91,"column":7}},"28":{"start":{"line":90,"column":6},"end":{"line":90,"column":78}},"29":{"start":{"line":93,"column":4},"end":{"line":93,"column":52}},"30":{"start":{"line":94,"column":4},"end":{"line":94,"column":17}},"31":{"start":{"line":104,"column":2},"end":{"line":130,"column":3}},"32":{"start":{"line":105,"column":4},"end":{"line":105,"column":67}},"33":{"start":{"line":107,"column":31},"end":{"line":107,"column":60}},"34":{"start":{"line":108,"column":25},"end":{"line":108,"column":73}},"35":{"start":{"line":109,"column":22},"end":{"line":109,"column":52}},"36":{"start":{"line":111,"column":23},"end":{"line":114,"column":8}},"37":{"start":{"line":113,"column":34},"end":{"line":113,"column":66}},"38":{"start":{"line":117,"column":4},"end":{"line":126,"column":5}},"39":{"start":{"line":118,"column":6},"end":{"line":118,"column":66}},"40":{"start":{"line":119,"column":21},"end":{"line":119,"column":75}},"41":{"start":{"line":120,"column":6},"end":{"line":120,"column":24}},"42":{"start":{"line":123,"column":6},"end":{"line":123,"column":63}},"43":{"start":{"line":124,"column":21},"end":{"line":124,"column":64}},"44":{"start":{"line":125,"column":6},"end":{"line":125,"column":24}},"45":{"start":{"line":129,"column":4},"end":{"line":129,"column":72}},"46":{"start":{"line":145,"column":4},"end":{"line":147,"column":5}},"47":{"start":{"line":146,"column":6},"end":{"line":146,"column":19}},"48":{"start":{"line":149,"column":19},"end":{"line":149,"column":37}},"49":{"start":{"line":150,"column":4},"end":{"line":150,"column":30}},"50":{"start":{"line":150,"column":17},"end":{"line":150,"column":30}},"51":{"start":{"line":153,"column":4},"end":{"line":159,"column":null}},"52":{"start":{"line":154,"column":6},"end":{"line":154,"column":51}},"53":{"start":{"line":154,"column":38},"end":{"line":154,"column":50}},"54":{"start":{"line":155,"column":6},"end":{"line":155,"column":null}},"55":{"start":{"line":157,"column":6},"end":{"line":157,"column":72}},"56":{"start":{"line":158,"column":6},"end":{"line":158,"column":null}}},"fnMap":{"0":{"name":"extractDomain","decl":{"start":{"line":26,"column":16},"end":{"line":26,"column":29}},"loc":{"start":{"line":26,"column":41},"end":{"line":41,"column":1}}},"1":{"name":"isUrlAllowed","decl":{"start":{"line":49,"column":16},"end":{"line":49,"column":28}},"loc":{"start":{"line":49,"column":71},"end":{"line":96,"column":1}}},"2":{"name":"(anonymous_12)","decl":{"start":{"line":89,"column":31},"end":{"line":89,"column":44}},"loc":{"start":{"line":89,"column":47},"end":{"line":91,"column":5}}},"3":{"name":"parseRobotsTxt","decl":{"start":{"line":103,"column":22},"end":{"line":103,"column":36}},"loc":{"start":{"line":103,"column":51},"end":{"line":131,"column":1}}},"4":{"name":"(anonymous_14)","decl":{"start":{"line":107,"column":31},"end":{"line":107,"column":44}},"loc":{"start":{"line":107,"column":31},"end":{"line":107,"column":60}}},"5":{"name":"(anonymous_15)","decl":{"start":{"line":113,"column":24},"end":{"line":113,"column":30}},"loc":{"start":{"line":113,"column":34},"end":{"line":113,"column":66}}},"6":{"name":"isUrlAllowedWithRobots","decl":{"start":{"line":140,"column":22},"end":{"line":140,"column":44}},"loc":{"start":{"line":142,"column":31},"end":{"line":162,"column":1}}},"7":{"name":"(anonymous_17)","decl":{"start":{"line":153,"column":45},"end":{"line":153,"column":46}},"loc":{"start":{"line":153,"column":56},"end":{"line":156,"column":5}}},"8":{"name":"(anonymous_18)","decl":{"start":{"line":156,"column":13},"end":{"line":156,"column":14}},"loc":{"start":{"line":156,"column":23},"end":{"line":159,"column":5}}}},"branchMap":{"0":{"loc":{"start":{"line":28,"column":4},"end":{"line":30,"column":5}},"type":"if","locations":[{"start":{"line":28,"column":4},"end":{"line":30,"column":5}}]},"1":{"loc":{"start":{"line":33,"column":28},"end":{"line":33,"column":74}},"type":"cond-expr","locations":[{"start":{"line":33,"column":53},"end":{"line":33,"column":56}},{"start":{"line":33,"column":59},"end":{"line":33,"column":74}}]},"2":{"loc":{"start":{"line":49,"column":42},"end":{"line":49,"column":71}},"type":"default-arg","locations":[{"start":{"line":49,"column":69},"end":{"line":49,"column":71}}]},"3":{"loc":{"start":{"line":52,"column":4},"end":{"line":52,"column":27}},"type":"if","locations":[{"start":{"line":52,"column":4},"end":{"line":52,"column":27}}]},"4":{"loc":{"start":{"line":53,"column":4},"end":{"line":53,"column":46}},"type":"if","locations":[{"start":{"line":53,"column":4},"end":{"line":53,"column":46}}]},"5":{"loc":{"start":{"line":54,"column":4},"end":{"line":79,"column":19}},"type":"if","locations":[{"start":{"line":54,"column":4},"end":{"line":79,"column":19}}]},"6":{"loc":{"start":{"line":55,"column":6},"end":{"line":78,"column":29}},"type":"binary-expr","locations":[{"start":{"line":55,"column":6},"end":{"line":55,"column":26}},{"start":{"line":56,"column":9},"end":{"line":56,"column":29}},{"start":{"line":57,"column":9},"end":{"line":57,"column":29}},{"start":{"line":58,"column":9},"end":{"line":58,"column":29}},{"start":{"line":59,"column":9},"end":{"line":59,"column":30}},{"start":{"line":60,"column":9},"end":{"line":60,"column":29}},{"start":{"line":61,"column":9},"end":{"line":61,"column":30}},{"start":{"line":62,"column":9},"end":{"line":62,"column":29}},{"start":{"line":63,"column":9},"end":{"line":63,"column":30}},{"start":{"line":64,"column":9},"end":{"line":64,"column":29}},{"start":{"line":65,"column":9},"end":{"line":65,"column":29}},{"start":{"line":66,"column":9},"end":{"line":66,"column":29}},{"start":{"line":67,"column":9},"end":{"line":67,"column":29}},{"start":{"line":68,"column":9},"end":{"line":68,"column":29}},{"start":{"line":69,"column":9},"end":{"line":69,"column":29}},{"start":{"line":70,"column":9},"end":{"line":70,"column":29}},{"start":{"line":71,"column":9},"end":{"line":71,"column":29}},{"start":{"line":72,"column":9},"end":{"line":72,"column":29}},{"start":{"line":73,"column":9},"end":{"line":73,"column":30}},{"start":{"line":74,"column":9},"end":{"line":74,"column":28}},{"start":{"line":75,"column":9},"end":{"line":75,"column":33}},{"start":{"line":76,"column":9},"end":{"line":76,"column":37}},{"start":{"line":77,"column":9},"end":{"line":77,"column":37}},{"start":{"line":78,"column":9},"end":{"line":78,"column":29}}]},"7":{"loc":{"start":{"line":83,"column":4},"end":{"line":83,"column":49}},"type":"if","locations":[{"start":{"line":83,"column":4},"end":{"line":83,"column":49}}]},"8":{"loc":{"start":{"line":86,"column":4},"end":{"line":86,"column":30}},"type":"if","locations":[{"start":{"line":86,"column":4},"end":{"line":86,"column":30}}]},"9":{"loc":{"start":{"line":90,"column":13},"end":{"line":90,"column":77}},"type":"binary-expr","locations":[{"start":{"line":90,"column":13},"end":{"line":90,"column":37}},{"start":{"line":90,"column":41},"end":{"line":90,"column":77}}]},"10":{"loc":{"start":{"line":108,"column":25},"end":{"line":108,"column":73}},"type":"binary-expr","locations":[{"start":{"line":108,"column":25},"end":{"line":108,"column":51}},{"start":{"line":108,"column":55},"end":{"line":108,"column":73}}]},"11":{"loc":{"start":{"line":113,"column":34},"end":{"line":113,"column":66}},"type":"binary-expr","locations":[{"start":{"line":113,"column":34},"end":{"line":113,"column":48}},{"start":{"line":113,"column":52},"end":{"line":113,"column":66}}]},"12":{"loc":{"start":{"line":117,"column":4},"end":{"line":126,"column":5}},"type":"if","locations":[{"start":{"line":117,"column":4},"end":{"line":126,"column":5}},{"start":{"line":122,"column":8},"end":{"line":126,"column":5}}]},"13":{"loc":{"start":{"line":142,"column":2},"end":{"line":142,"column":31}},"type":"default-arg","locations":[{"start":{"line":142,"column":29},"end":{"line":142,"column":31}}]},"14":{"loc":{"start":{"line":145,"column":4},"end":{"line":147,"column":5}},"type":"if","locations":[{"start":{"line":145,"column":4},"end":{"line":147,"column":5}}]},"15":{"loc":{"start":{"line":150,"column":4},"end":{"line":150,"column":30}},"type":"if","locations":[{"start":{"line":150,"column":4},"end":{"line":150,"column":30}}]},"16":{"loc":{"start":{"line":154,"column":6},"end":{"line":154,"column":51}},"type":"if","locations":[{"start":{"line":154,"column":6},"end":{"line":154,"column":51}}]},"17":{"loc":{"start":{"line":154,"column":10},"end":{"line":154,"column":35}},"type":"binary-expr","locations":[{"start":{"line":154,"column":10},"end":{"line":154,"column":17}},{"start":{"line":154,"column":21},"end":{"line":154,"column":35}}]}},"s":{"0":3,"1":3,"2":3,"3":3,"4":3,"5":3,"6":3,"7":5,"8":5,"9":0,"10":5,"11":5,"12":5,"13":0,"14":0,"15":8,"16":8,"17":0,"18":8,"19":0,"20":8,"21":4,"22":4,"23":0,"24":4,"25":4,"26":0,"27":4,"28":4,"29":0,"30":0,"31":1,"32":1,"33":2,"34":1,"35":1,"36":1,"37":1,"38":1,"39":1,"40":1,"41":1,"42":0,"43":0,"44":0,"45":0,"46":2,"47":1,"48":1,"49":1,"50":0,"51":1,"52":1,"53":0,"54":1,"55":0,"56":0},"f":{"0":5,"1":8,"2":4,"3":1,"4":1,"5":1,"6":2,"7":1,"8":0},"b":{"0":[0],"1":[5,0],"2":[0],"3":[0],"4":[0],"5":[4],"6":[8,7,7,7,7,7,7,7,7,7,7,7,7,7,7,7,7,7,7,7,7,5,5,5],"7":[0],"8":[0],"9":[4,1],"10":[1,0],"11":[1,0],"12":[1,0],"13":[0],"14":[1],"15":[0],"16":[0],"17":[1,1]}}
,"/Users/yuksehyun/project/CV_Search/crawl-ts/src/utils/key.ts": {"path":"/Users/yuksehyun/project/CV_Search/crawl-ts/src/utils/key.ts","statementMap":{"0":{"start":{"line":6,"column":0},"end":{"line":6,"column":7}},"1":{"start":{"line":1,"column":0},"end":{"line":1,"column":23}},"2":{"start":{"line":2,"column":0},"end":{"line":2,"column":26}},"3":{"start":{"line":7,"column":2},"end":{"line":9,"column":3}},"4":{"start":{"line":8,"column":4},"end":{"line":8,"column":77}},"5":{"start":{"line":10,"column":19},"end":{"line":10,"column":74}},"6":{"start":{"line":11,"column":2},"end":{"line":11,"column":35}}},"fnMap":{"0":{"name":"getSpringAuthToken","decl":{"start":{"line":6,"column":22},"end":{"line":6,"column":40}},"loc":{"start":{"line":6,"column":40},"end":{"line":12,"column":1}}}},"branchMap":{"0":{"loc":{"start":{"line":7,"column":2},"end":{"line":9,"column":3}},"type":"if","locations":[{"start":{"line":7,"column":2},"end":{"line":9,"column":3}}]}},"s":{"0":2,"1":2,"2":2,"3":1,"4":0,"5":1,"6":1},"f":{"0":1},"b":{"0":[0]}}
,"/Users/yuksehyun/project/CV_Search/crawl-ts/src/utils/logger.ts": {"path":"/Users/yuksehyun/project/CV_Search/crawl-ts/src/utils/logger.ts","statementMap":{"0":{"start":{"line":1,"column":0},"end":{"line":1,"column":20}},"1":{"start":{"line":2,"column":0},"end":{"line":2,"column":24}},"2":{"start":{"line":3,"column":0},"end":{"line":3,"column":26}},"3":{"start":{"line":12,"column":10},"end":{"line":18,"column":4}},"4":{"start":{"line":21,"column":4},"end":{"line":21,"column":45}},"5":{"start":{"line":22,"column":4},"end":{"line":22,"column":48}},"6":{"start":{"line":23,"column":4},"end":{"line":23,"column":48}},"7":{"start":{"line":24,"column":4},"end":{"line":24,"column":30}},"8":{"start":{"line":28,"column":4},"end":{"line":30,"column":5}},"9":{"start":{"line":29,"column":6},"end":{"line":29,"column":53}},"10":{"start":{"line":34,"column":16},"end":{"line":34,"column":26}},"11":{"start":{"line":35,"column":23},"end":{"line":35,"column":54}},"12":{"start":{"line":36,"column":4},"end":{"line":36,"column":59}},"13":{"start":{"line":40,"column":4},"end":{"line":42,"column":6}},"14":{"start":{"line":50,"column":22},"end":{"line":50,"column":46}},"15":{"start":{"line":51,"column":21},"end":{"line":51,"column":73}},"16":{"start":{"line":53,"column":4},"end":{"line":61,"column":5}},"17":{"start":{"line":54,"column":6},"end":{"line":60,"column":7}},"18":{"start":{"line":55,"column":8},"end":{"line":57,"column":11}},"19":{"start":{"line":59,"column":8},"end":{"line":59,"column":56}},"20":{"start":{"line":63,"column":4},"end":{"line":63,"column":22}},"21":{"start":{"line":67,"column":4},"end":{"line":80,"column":5}},"22":{"start":{"line":69,"column":8},"end":{"line":69,"column":35}},"23":{"start":{"line":71,"column":8},"end":{"line":71,"column":35}},"24":{"start":{"line":73,"column":8},"end":{"line":73,"column":37}},"25":{"start":{"line":75,"column":8},"end":{"line":75,"column":34}},"26":{"start":{"line":77,"column":8},"end":{"line":77,"column":36}},"27":{"start":{"line":79,"column":8},"end":{"line":79,"column":23}},"28":{"start":{"line":84,"column":4},"end":{"line":84,"column":39}},"29":{"start":{"line":84,"column":32},"end":{"line":84,"column":39}},"30":{"start":{"line":86,"column":23},"end":{"line":86,"column":66}},"31":{"start":{"line":87,"column":20},"end":{"line":87,"column":52}},"32":{"start":{"line":90,"column":4},"end":{"line":90,"column":25}},"33":{"start":{"line":93,"column":24},"end":{"line":93,"column":45}},"34":{"start":{"line":94,"column":4},"end":{"line":96,"column":5}},"35":{"start":{"line":95,"column":6},"end":{"line":95,"column":40}},"36":{"start":{"line":99,"column":4},"end":{"line":103,"column":5}},"37":{"start":{"line":100,"column":6},"end":{"line":100,"column":64}},"38":{"start":{"line":102,"column":6},"end":{"line":102,"column":45}},"39":{"start":{"line":107,"column":4},"end":{"line":107,"column":37}},"40":{"start":{"line":111,"column":4},"end":{"line":111,"column":36}},"41":{"start":{"line":115,"column":4},"end":{"line":115,"column":36}},"42":{"start":{"line":119,"column":4},"end":{"line":119,"column":37}},"43":{"start":{"line":123,"column":4},"end":{"line":123,"column":46}},"44":{"start":{"line":127,"column":4},"end":{"line":127,"column":52}},"45":{"start":{"line":7,"column":0},"end":{"line":7,"column":13}},"46":{"start":{"line":132,"column":13},"end":{"line":132,"column":80}}},"fnMap":{"0":{"name":"(anonymous_1)","decl":{"start":{"line":20,"column":2},"end":{"line":20,"column":14}},"loc":{"start":{"line":20,"column":68},"end":{"line":25,"column":3}}},"1":{"name":"(anonymous_2)","decl":{"start":{"line":27,"column":10},"end":{"line":27,"column":28}},"loc":{"start":{"line":27,"column":28},"end":{"line":31,"column":3}}},"2":{"name":"(anonymous_3)","decl":{"start":{"line":33,"column":10},"end":{"line":33,"column":24}},"loc":{"start":{"line":33,"column":24},"end":{"line":37,"column":3}}},"3":{"name":"(anonymous_4)","decl":{"start":{"line":39,"column":10},"end":{"line":39,"column":19}},"loc":{"start":{"line":39,"column":35},"end":{"line":43,"column":3}}},"4":{"name":"(anonymous_5)","decl":{"start":{"line":45,"column":10},"end":{"line":45,"column":26}},"loc":{"start":{"line":48,"column":14},"end":{"line":64,"column":3}}},"5":{"name":"(anonymous_6)","decl":{"start":{"line":66,"column":10},"end":{"line":66,"column":18}},"loc":{"start":{"line":66,"column":51},"end":{"line":81,"column":3}}},"6":{"name":"(anonymous_7)","decl":{"start":{"line":83,"column":10},"end":{"line":83,"column":13}},"loc":{"start":{"line":83,"column":58},"end":{"line":104,"column":3}}},"7":{"name":"(anonymous_8)","decl":{"start":{"line":106,"column":2},"end":{"line":106,"column":7}},"loc":{"start":{"line":106,"column":35},"end":{"line":108,"column":3}}},"8":{"name":"(anonymous_9)","decl":{"start":{"line":110,"column":2},"end":{"line":110,"column":6}},"loc":{"start":{"line":110,"column":34},"end":{"line":112,"column":3}}},"9":{"name":"(anonymous_10)","decl":{"start":{"line":114,"column":2},"end":{"line":114,"column":6}},"loc":{"start":{"line":114,"column":34},"end":{"line":116,"column":3}}},"10":{"name":"(anonymous_11)","decl":{"start":{"line":118,"column":2},"end":{"line":118,"column":7}},"loc":{"start":{"line":118,"column":35},"end":{"line":120,"column":3}}},"11":{"name":"(anonymous_12)","decl":{"start":{"line":122,"column":2},"end":{"line":122,"column":11}},"loc":{"start":{"line":122,"column":37},"end":{"line":124,"column":3}}},"12":{"name":"(anonymous_13)","decl":{"start":{"line":126,"column":2},"end":{"line":126,"column":12}},"loc":{"start":{"line":126,"column":38},"end":{"line":128,"column":3}}}},"branchMap":{"0":{"loc":{"start":{"line":20,"column":14},"end":{"line":20,"column":68}},"type":"default-arg","locations":[{"start":{"line":20,"column":66},"end":{"line":20,"column":68}}]},"1":{"loc":{"start":{"line":21,"column":18},"end":{"line":21,"column":44}},"type":"binary-expr","locations":[{"start":{"line":21,"column":18},"end":{"line":21,"column":32}},{"start":{"line":21,"column":36},"end":{"line":21,"column":44}}]},"2":{"loc":{"start":{"line":22,"column":20},"end":{"line":22,"column":47}},"type":"binary-expr","locations":[{"start":{"line":22,"column":20},"end":{"line":22,"column":36}},{"start":{"line":22,"column":40},"end":{"line":22,"column":47}}]},"3":{"loc":{"start":{"line":28,"column":4},"end":{"line":30,"column":5}},"type":"if","locations":[{"start":{"line":28,"column":4},"end":{"line":30,"column":5}}]},"4":{"loc":{"start":{"line":53,"column":4},"end":{"line":61,"column":5}},"type":"if","locations":[{"start":{"line":53,"column":4},"end":{"line":61,"column":5}}]},"5":{"loc":{"start":{"line":56,"column":10},"end":{"line":56,"column":null}},"type":"cond-expr","locations":[{"start":{"line":56,"column":37},"end":{"line":56,"column":57}},{"start":{"line":56,"column":60},"end":{"line":56,"column":null}}]},"6":{"loc":{"start":{"line":67,"column":4},"end":{"line":80,"column":5}},"type":"switch","locations":[{"start":{"line":68,"column":6},"end":{"line":69,"column":35}},{"start":{"line":70,"column":6},"end":{"line":71,"column":35}},{"start":{"line":72,"column":6},"end":{"line":73,"column":37}},{"start":{"line":74,"column":6},"end":{"line":75,"column":34}},{"start":{"line":76,"column":6},"end":{"line":77,"column":36}},{"start":{"line":78,"column":6},"end":{"line":79,"column":23}}]},"7":{"loc":{"start":{"line":84,"column":4},"end":{"line":84,"column":39}},"type":"if","locations":[{"start":{"line":84,"column":4},"end":{"line":84,"column":39}}]},"8":{"loc":{"start":{"line":94,"column":4},"end":{"line":96,"column":5}},"type":"if","locations":[{"start":{"line":94,"column":4},"end":{"line":96,"column":5}}]}},"s":{"0":7,"1":7,"2":7,"3":7,"4":7,"5":7,"6":7,"7":7,"8":7,"9":0,"10":7,"11":7,"12":7,"13":27,"14":0,"15":0,"16":0,"17":0,"18":0,"19":0,"20":0,"21":0,"22":0,"23":0,"24":0,"25":0,"26":0,"27":0,"28":27,"29":27,"30":0,"31":0,"32":0,"33":0,"34":0,"35":0,"36":0,"37":0,"38":0,"39":26,"40":0,"41":0,"42":1,"43":0,"44":0,"45":7,"46":7},"f":{"0":7,"1":7,"2":7,"3":27,"4":0,"5":0,"6":27,"7":26,"8":0,"9":0,"10":1,"11":0,"12":0},"b":{"0":[0],"1":[7,0],"2":[7,0],"3":[0],"4":[0],"5":[0,0],"6":[0,0,0,0,0,0],"7":[27],"8":[0]}}
}
