TN:
SF:src/crawler/WebCrawler.ts
FN:26,(anonymous_0)
FN:42,(anonymous_1)
FN:58,(anonymous_2)
FN:77,(anonymous_3)
FN:192,(anonymous_4)
FN:194,(anonymous_5)
FN:201,(anonymous_6)
FN:247,(anonymous_7)
FNF:8
FNH:5
FNDA:8,(anonymous_0)
FNDA:4,(anonymous_1)
FNDA:6,(anonymous_2)
FNDA:0,(anonymous_3)
FNDA:0,(anonymous_4)
FNDA:0,(anonymous_5)
FNDA:3,(anonymous_6)
FNDA:4,(anonymous_7)
DA:4,1
DA:5,1
DA:6,1
DA:16,1
DA:33,8
DA:34,8
DA:35,8
DA:36,8
DA:44,4
DA:46,4
DA:48,4
DA:50,3
DA:59,6
DA:60,6
DA:61,6
DA:63,6
DA:72,6
DA:73,6
DA:77,6
DA:78,0
DA:82,0
DA:88,0
DA:90,0
DA:92,0
DA:94,0
DA:95,0
DA:96,0
DA:98,0
DA:99,0
DA:106,0
DA:108,0
DA:109,0
DA:110,0
DA:111,0
DA:113,0
DA:114,0
DA:121,0
DA:124,0
DA:125,0
DA:127,0
DA:128,0
DA:136,0
DA:140,0
DA:146,0
DA:154,0
DA:155,0
DA:157,0
DA:160,6
DA:161,6
DA:164,0
DA:165,0
DA:166,0
DA:172,0
DA:173,0
DA:176,0
DA:178,0
DA:181,6
DA:182,6
DA:183,0
DA:184,0
DA:187,0
DA:193,0
DA:194,0
DA:195,0
DA:197,0
DA:198,0
DA:202,3
DA:203,3
DA:204,3
DA:205,3
DA:206,3
DA:208,0
DA:209,0
DA:212,3
DA:214,3
DA:216,3
DA:218,0
DA:219,0
DA:220,0
DA:223,0
DA:224,0
DA:225,0
DA:226,0
DA:227,0
DA:230,0
DA:237,3
DA:240,0
DA:248,4
DA:249,4
DA:250,4
DA:251,3
DA:253,4
DA:255,0
LF:93
LH:37
BRDA:90,0,0,0
BRDA:90,0,1,0
BRDA:101,1,0,0
BRDA:101,1,1,0
BRDA:102,2,0,0
BRDA:102,2,1,0
BRDA:116,3,0,0
BRDA:116,3,1,0
BRDA:117,4,0,0
BRDA:117,4,1,0
BRDA:130,5,0,0
BRDA:130,5,1,0
BRDA:131,6,0,0
BRDA:131,6,1,0
BRDA:148,7,0,0
BRDA:148,7,1,0
BRDA:149,8,0,0
BRDA:149,8,1,0
BRDA:160,9,0,6
BRDA:165,10,0,0
BRDA:165,10,1,0
BRDA:168,11,0,0
BRDA:168,11,1,0
BRDA:169,12,0,0
BRDA:169,12,1,0
BRDA:182,13,0,0
BRDA:206,14,0,0
BRDA:218,15,0,0
BRDA:224,16,0,0
BRF:29
BRH:1
end_of_record
TN:
SF:src/database/MongoRecruitInfoRepository.ts
FN:9,(anonymous_0)
FN:13,(anonymous_1)
FN:17,(anonymous_2)
FN:21,(anonymous_3)
FNF:4
FNH:4
FNDA:7,(anonymous_0)
FNDA:2,(anonymous_1)
FNDA:2,(anonymous_2)
FNDA:3,(anonymous_3)
DA:6,1
DA:10,7
DA:14,2
DA:18,2
DA:22,3
LF:5
LH:5
BRF:0
BRH:0
end_of_record
TN:
SF:src/database/MysqlRecruitInfoRepository.ts
FN:19,(anonymous_0)
FN:30,(anonymous_1)
FN:63,(anonymous_2)
FN:104,(anonymous_3)
FNF:4
FNH:4
FNDA:9,(anonymous_0)
FNDA:3,(anonymous_1)
FNDA:3,(anonymous_2)
FNDA:3,(anonymous_3)
DA:1,1
DA:3,1
DA:4,1
DA:10,1
DA:21,9
DA:22,9
DA:31,3
DA:32,0
DA:35,3
DA:36,3
DA:44,2
DA:45,2
DA:46,0
DA:47,0
DA:49,2
DA:50,2
DA:53,1
DA:54,1
DA:64,3
DA:66,3
DA:69,3
DA:78,3
DA:83,2
DA:85,1
DA:91,1
DA:94,1
DA:95,1
DA:105,3
DA:106,0
DA:109,3
DA:110,3
DA:111,3
DA:122,2
DA:123,1
DA:125,1
DA:128,1
DA:129,1
LF:37
LH:33
BRDA:31,0,0,0
BRDA:45,1,0,0
BRDA:45,1,1,2
BRDA:45,2,0,2
BRDA:45,2,1,2
BRDA:83,3,0,1
BRDA:83,3,1,1
BRDA:105,4,0,0
BRDA:122,5,0,1
BRDA:122,5,1,1
BRDA:122,6,0,2
BRDA:122,6,1,1
BRF:12
BRH:9
end_of_record
TN:
SF:src/message/MessageService.ts
FN:7,(anonymous_1)
FN:30,(anonymous_2)
FN:38,(anonymous_3)
FN:50,(anonymous_4)
FN:70,(anonymous_5)
FN:90,(anonymous_6)
FN:111,(anonymous_7)
FN:141,(anonymous_8)
FN:174,(anonymous_9)
FN:191,(anonymous_10)
FN:222,(anonymous_11)
FN:229,(anonymous_12)
FN:236,(anonymous_13)
FNF:13
FNH:7
FNDA:2,(anonymous_1)
FNDA:13,(anonymous_2)
FNDA:3,(anonymous_3)
FNDA:4,(anonymous_4)
FNDA:3,(anonymous_5)
FNDA:0,(anonymous_6)
FNDA:0,(anonymous_7)
FNDA:0,(anonymous_8)
FNDA:0,(anonymous_9)
FNDA:0,(anonymous_10)
FNDA:1,(anonymous_11)
FNDA:1,(anonymous_12)
FNDA:0,(anonymous_13)
DA:1,2
DA:7,2
DA:8,2
DA:9,2
DA:10,2
DA:22,2
DA:31,13
DA:39,3
DA:40,2
DA:42,3
DA:51,4
DA:52,4
DA:58,3
DA:60,1
DA:61,1
DA:71,3
DA:72,3
DA:78,2
DA:80,1
DA:81,1
DA:91,0
DA:92,0
DA:98,0
DA:100,0
DA:101,0
DA:112,0
DA:113,0
DA:115,0
DA:117,0
DA:119,0
DA:120,0
DA:121,0
DA:122,0
DA:123,0
DA:126,0
DA:129,0
DA:131,0
DA:132,0
DA:142,0
DA:143,0
DA:146,0
DA:147,0
DA:148,0
DA:151,0
DA:153,0
DA:154,0
DA:157,0
DA:159,0
DA:160,0
DA:163,0
DA:165,0
DA:168,0
DA:169,0
DA:170,0
DA:179,0
DA:180,0
DA:182,0
DA:184,0
DA:185,0
DA:189,0
DA:192,0
DA:193,0
DA:194,0
DA:197,0
DA:198,0
DA:200,0
DA:201,0
DA:204,0
DA:206,0
DA:212,0
DA:214,0
DA:215,0
DA:223,1
DA:230,1
DA:237,0
DA:238,0
DA:239,0
DA:241,0
DA:245,2
LF:79
LH:23
BRDA:7,0,0,2
BRDA:7,0,1,2
BRDA:31,1,0,13
BRDA:31,1,1,2
BRDA:39,2,0,2
BRDA:121,3,0,0
BRDA:142,4,0,0
BRDA:147,5,0,0
BRDA:153,6,0,0
BRDA:177,7,0,0
BRDA:184,8,0,0
BRDA:192,9,0,0
BRDA:200,10,0,0
BRDA:209,11,0,0
BRDA:209,11,1,0
BRDA:238,12,0,0
BRF:16
BRH:5
end_of_record
TN:
SF:src/message/RabbitMQManager.ts
FN:18,(anonymous_1)
FN:27,(anonymous_2)
FN:37,(anonymous_3)
FN:48,(anonymous_4)
FN:54,(anonymous_5)
FN:66,(anonymous_6)
FN:71,(anonymous_7)
FN:86,(anonymous_8)
FN:98,(anonymous_9)
FN:122,(anonymous_10)
FN:152,(anonymous_11)
FNF:11
FNH:6
FNDA:16,(anonymous_1)
FNDA:3,(anonymous_2)
FNDA:12,(anonymous_3)
FNDA:0,(anonymous_4)
FNDA:0,(anonymous_5)
FNDA:0,(anonymous_6)
FNDA:0,(anonymous_7)
FNDA:0,(anonymous_8)
FNDA:6,(anonymous_9)
FNDA:3,(anonymous_10)
FNDA:2,(anonymous_11)
DA:1,1
DA:8,1
DA:9,16
DA:10,16
DA:19,16
DA:28,3
DA:29,2
DA:31,3
DA:38,12
DA:39,12
DA:41,11
DA:42,0
DA:45,11
DA:48,11
DA:49,0
DA:50,0
DA:51,0
DA:54,11
DA:55,0
DA:56,0
DA:57,0
DA:61,12
DA:63,11
DA:66,11
DA:67,0
DA:68,0
DA:71,11
DA:72,0
DA:73,0
DA:77,0
DA:78,0
DA:87,0
DA:88,0
DA:90,0
DA:99,6
DA:100,6
DA:101,3
DA:104,6
DA:105,0
DA:108,6
DA:110,0
DA:111,0
DA:123,3
DA:124,3
DA:125,3
DA:128,3
DA:129,0
DA:133,3
DA:136,3
DA:141,3
DA:142,3
DA:144,0
DA:145,0
DA:153,2
DA:154,2
DA:155,1
DA:156,1
DA:159,2
DA:160,1
DA:161,1
DA:164,0
DA:165,0
DA:170,1
LF:63
LH:39
BRDA:18,0,0,1
BRDA:18,1,0,1
BRDA:18,1,1,1
BRDA:28,2,0,2
BRDA:39,3,0,11
BRDA:41,4,0,0
BRDA:61,5,0,11
BRDA:61,6,0,12
BRDA:61,6,1,11
BRDA:87,7,0,0
BRDA:98,8,0,5
BRDA:100,9,0,3
BRDA:104,10,0,0
BRDA:122,11,0,2
BRDA:124,12,0,3
BRDA:128,13,0,0
BRDA:136,14,0,1
BRDA:136,14,1,2
BRDA:154,15,0,1
BRDA:159,16,0,1
BRF:20
BRH:16
end_of_record
TN:
SF:src/models/MysqlRecruitInfoModel.ts
FN:51,initRecruitInfoModel
FNF:1
FNH:1
FNDA:1,initRecruitInfoModel
DA:1,1
DA:20,1
DA:51,1
DA:52,1
DA:142,1
DA:145,1
DA:146,1
DA:170,1
DA:171,1
LF:9
LH:9
BRDA:147,0,0,1
BRDA:147,0,1,1
BRDA:148,1,0,1
BRDA:148,1,1,1
BRDA:149,2,0,1
BRDA:149,2,1,1
BRDA:151,3,0,1
BRDA:151,3,1,1
BRDA:152,4,0,0
BRDA:152,4,1,1
BRDA:154,5,0,0
BRDA:154,5,1,1
BRF:12
BRH:10
end_of_record
TN:
SF:src/models/VisitResult.ts
FN:110,(anonymous_9)
FN:142,(anonymous_10)
FN:222,(anonymous_11)
FNF:3
FNH:1
FNDA:6,(anonymous_9)
FNDA:0,(anonymous_10)
FNDA:0,(anonymous_11)
DA:1,1
DA:63,1
DA:80,6
DA:81,6
DA:82,6
DA:83,6
DA:96,6
DA:98,6
DA:111,6
DA:112,6
DA:113,6
DA:114,6
DA:115,6
DA:116,6
DA:117,6
DA:118,6
DA:119,6
DA:120,6
DA:121,6
DA:122,6
DA:123,6
DA:124,6
DA:125,6
DA:126,6
DA:127,6
DA:128,6
DA:129,6
DA:131,6
DA:132,0
DA:143,0
DA:169,1
DA:207,1
DA:222,1
DA:223,0
DA:224,0
DA:228,1
LF:36
LH:32
BRDA:110,0,0,0
BRDA:111,1,0,6
BRDA:111,1,1,0
BRDA:112,2,0,6
BRDA:112,2,1,0
BRDA:113,3,0,6
BRDA:113,3,1,0
BRDA:115,4,0,6
BRDA:115,4,1,6
BRDA:116,5,0,6
BRDA:116,5,1,6
BRDA:117,6,0,6
BRDA:117,6,1,6
BRDA:123,7,0,6
BRDA:123,7,1,0
BRDA:124,8,0,6
BRDA:124,8,1,0
BRDA:125,9,0,6
BRDA:125,9,1,6
BRDA:126,10,0,6
BRDA:126,10,1,6
BRDA:128,11,0,6
BRDA:128,11,1,6
BRDA:131,12,0,0
BRF:24
BRH:17
end_of_record
TN:
SF:src/parser/GeminiParser.ts
FN:104,(anonymous_0)
FN:142,(anonymous_1)
FN:158,(anonymous_2)
FN:204,(anonymous_3)
FN:232,(anonymous_4)
FN:242,(anonymous_5)
FN:252,(anonymous_6)
FN:269,(anonymous_7)
FN:290,(anonymous_8)
FN:312,(anonymous_9)
FN:366,(anonymous_10)
FN:393,(anonymous_11)
FN:444,(anonymous_12)
FN:461,(anonymous_13)
FN:489,(anonymous_14)
FN:509,(anonymous_15)
FN:531,(anonymous_16)
FN:617,(anonymous_17)
FN:658,(anonymous_18)
FN:667,(anonymous_19)
FN:705,(anonymous_20)
FN:723,(anonymous_21)
FN:741,(anonymous_22)
FN:759,(anonymous_23)
FN:817,(anonymous_24)
FN:820,(anonymous_25)
FNF:26
FNH:19
FNDA:1,(anonymous_0)
FNDA:32,(anonymous_1)
FNDA:11,(anonymous_2)
FNDA:18,(anonymous_3)
FNDA:2,(anonymous_4)
FNDA:18,(anonymous_5)
FNDA:92,(anonymous_6)
FNDA:11,(anonymous_7)
FNDA:2,(anonymous_8)
FNDA:2,(anonymous_9)
FNDA:0,(anonymous_10)
FNDA:0,(anonymous_11)
FNDA:0,(anonymous_12)
FNDA:3,(anonymous_13)
FNDA:9,(anonymous_14)
FNDA:3,(anonymous_15)
FNDA:1,(anonymous_16)
FNDA:1,(anonymous_17)
FNDA:1,(anonymous_18)
FNDA:0,(anonymous_19)
FNDA:5,(anonymous_20)
FNDA:1,(anonymous_21)
FNDA:1,(anonymous_22)
FNDA:0,(anonymous_23)
FNDA:0,(anonymous_24)
FNDA:0,(anonymous_25)
DA:1,1
DA:8,1
DA:9,1
DA:11,1
DA:16,1
DA:21,1
DA:22,1
DA:23,1
DA:24,1
DA:101,1
DA:105,1
DA:106,1
DA:107,1
DA:109,1
DA:110,1
DA:118,1
DA:119,32
DA:120,32
DA:121,32
DA:123,32
DA:124,32
DA:144,32
DA:145,32
DA:146,32
DA:147,32
DA:148,32
DA:149,32
DA:150,32
DA:159,11
DA:161,11
DA:163,11
DA:164,11
DA:166,11
DA:168,11
DA:170,11
DA:176,11
DA:177,0
DA:181,11
DA:182,11
DA:183,0
DA:184,0
DA:187,11
DA:188,11
DA:189,11
DA:191,0
DA:192,0
DA:206,18
DA:209,18
DA:210,18
DA:211,17
DA:212,2
DA:213,2
DA:214,2
DA:217,15
DA:219,17
DA:220,17
DA:222,1
DA:223,1
DA:224,1
DA:225,1
DA:233,2
DA:243,18
DA:246,18
DA:247,13
DA:251,18
DA:252,16
DA:253,92
DA:254,92
DA:259,18
DA:260,18
DA:270,11
DA:271,0
DA:272,0
DA:273,0
DA:276,11
DA:277,11
DA:278,11
DA:280,0
DA:281,0
DA:291,2
DA:292,1
DA:293,1
DA:296,1
DA:297,1
DA:299,1
DA:300,1
DA:302,1
DA:316,2
DA:317,0
DA:318,0
DA:319,0
DA:320,0
DA:321,0
DA:324,0
DA:328,2
DA:329,2
DA:331,1
DA:332,1
DA:335,1
DA:338,1
DA:339,1
DA:341,1
DA:343,1
DA:344,1
DA:345,1
DA:347,0
DA:348,0
DA:352,0
DA:353,0
DA:354,0
DA:357,0
DA:358,0
DA:367,0
DA:369,0
DA:370,0
DA:373,0
DA:374,0
DA:377,0
DA:382,0
DA:383,0
DA:386,0
DA:388,0
DA:389,0
DA:394,0
DA:396,0
DA:397,0
DA:400,0
DA:426,0
DA:428,0
DA:429,0
DA:432,0
DA:434,0
DA:435,0
DA:445,0
DA:446,0
DA:447,0
DA:449,0
DA:450,0
DA:462,3
DA:464,3
DA:465,0
DA:469,3
DA:470,3
DA:473,3
DA:476,3
DA:478,1
DA:490,9
DA:491,9
DA:510,3
DA:512,3
DA:513,3
DA:516,3
DA:517,3
DA:520,3
DA:521,2
DA:524,3
DA:532,1
DA:618,1
DA:660,1
DA:661,0
DA:664,1
DA:665,1
DA:667,1
DA:668,0
DA:676,0
DA:677,0
DA:678,0
DA:680,0
DA:681,0
DA:682,0
DA:685,0
DA:686,0
DA:687,0
DA:688,0
DA:689,0
DA:691,0
DA:693,0
DA:694,0
DA:698,1
DA:706,5
DA:724,1
DA:725,1
DA:726,1
DA:728,0
DA:730,1
DA:732,0
DA:733,0
DA:742,1
DA:744,1
DA:745,0
DA:748,1
DA:751,1
DA:755,1
DA:757,1
DA:758,0
DA:759,0
DA:762,1
DA:765,1
DA:766,1
DA:768,1
DA:769,2
DA:770,2
DA:771,2
DA:774,2
DA:775,2
DA:777,2
DA:778,2
DA:779,2
DA:780,2
DA:781,2
DA:784,2
DA:785,2
DA:786,2
DA:787,2
DA:790,2
DA:791,2
DA:793,2
DA:795,2
DA:796,2
DA:801,2
DA:802,2
DA:803,2
DA:807,0
DA:808,0
DA:809,0
DA:810,0
DA:812,0
DA:816,1
DA:817,1
DA:819,0
DA:820,0
LF:231
LH:152
BRDA:109,0,0,1
BRDA:144,1,0,32
BRDA:144,1,1,0
BRDA:158,2,0,11
BRDA:163,3,0,11
BRDA:171,4,0,11
BRDA:171,4,1,11
BRDA:172,5,0,11
BRDA:172,5,1,11
BRDA:176,6,0,0
BRDA:182,7,0,0
BRDA:209,8,0,18
BRDA:209,8,1,12
BRDA:210,9,0,17
BRDA:210,9,1,1
BRDA:211,10,0,2
BRDA:211,10,1,15
BRDA:211,11,0,17
BRDA:211,11,1,17
BRDA:211,11,2,16
BRDA:213,12,0,2
BRDA:246,13,0,13
BRDA:251,14,0,16
BRDA:251,15,0,18
BRDA:251,15,1,16
BRDA:253,16,0,92
BRDA:253,17,0,92
BRDA:253,17,1,92
BRDA:270,18,0,0
BRDA:291,19,0,1
BRDA:314,20,0,1
BRDA:316,21,0,0
BRDA:317,22,0,0
BRDA:317,22,1,0
BRDA:317,23,0,0
BRDA:317,23,1,0
BRDA:320,24,0,0
BRDA:331,25,0,1
BRDA:331,25,1,0
BRDA:332,26,0,1
BRDA:332,26,1,0
BRDA:335,27,0,1
BRDA:335,27,1,0
BRDA:335,27,2,0
BRDA:338,28,0,1
BRDA:338,29,0,1
BRDA:338,29,1,1
BRDA:338,29,2,1
BRDA:343,30,0,1
BRDA:343,30,1,0
BRDA:352,31,0,0
BRDA:358,32,0,0
BRDA:358,32,1,0
BRDA:369,33,0,0
BRDA:373,34,0,0
BRDA:382,35,0,0
BRDA:396,36,0,0
BRDA:428,37,0,0
BRDA:464,38,0,0
BRDA:512,39,0,3
BRDA:516,40,0,3
BRDA:520,41,0,2
BRDA:660,42,0,0
BRDA:680,43,0,0
BRDA:688,44,0,0
BRDA:710,45,0,5
BRDA:710,45,1,0
BRDA:725,46,0,1
BRDA:725,46,1,0
BRDA:744,47,0,0
BRDA:757,48,0,0
BRDA:775,49,0,2
BRDA:775,50,0,2
BRDA:775,50,1,2
BRDA:778,51,0,2
BRDA:780,52,0,2
BRDA:784,53,0,2
BRDA:802,54,0,2
BRDA:809,55,0,0
BRDA:809,55,1,0
BRF:80
BRH:47
end_of_record
TN:
SF:src/url/RedisUrlManager.ts
FN:55,(anonymous_9)
FN:65,(anonymous_10)
FN:84,(anonymous_11)
FN:106,(anonymous_12)
FN:126,(anonymous_13)
FN:142,(anonymous_14)
FN:158,(anonymous_15)
FN:173,(anonymous_16)
FN:185,(anonymous_17)
FN:205,(anonymous_18)
FN:226,(anonymous_19)
FN:244,(anonymous_20)
FN:279,(anonymous_21)
FN:281,(anonymous_22)
FN:297,(anonymous_23)
FN:299,(anonymous_24)
FN:320,(anonymous_25)
FN:333,(anonymous_26)
FN:352,(anonymous_27)
FNF:19
FNH:19
FNDA:18,(anonymous_9)
FNDA:18,(anonymous_10)
FNDA:1,(anonymous_11)
FNDA:2,(anonymous_12)
FNDA:5,(anonymous_13)
FNDA:1,(anonymous_14)
FNDA:1,(anonymous_15)
FNDA:1,(anonymous_16)
FNDA:1,(anonymous_17)
FNDA:1,(anonymous_18)
FNDA:6,(anonymous_19)
FNDA:4,(anonymous_20)
FNDA:1,(anonymous_21)
FNDA:1,(anonymous_22)
FNDA:2,(anonymous_23)
FNDA:2,(anonymous_24)
FNDA:1,(anonymous_25)
FNDA:1,(anonymous_26)
FNDA:5,(anonymous_27)
DA:4,1
DA:5,1
DA:7,1
DA:20,1
DA:24,18
DA:34,18
DA:39,18
DA:44,18
DA:49,18
DA:56,18
DA:57,18
DA:58,0
DA:66,18
DA:67,18
DA:68,18
DA:69,18
DA:70,18
DA:72,0
DA:75,0
DA:76,0
DA:85,1
DA:86,1
DA:87,1
DA:88,1
DA:89,1
DA:90,1
DA:91,1
DA:92,1
DA:93,1
DA:96,0
DA:97,0
DA:107,2
DA:109,2
DA:110,2
DA:111,2
DA:112,1
DA:114,1
DA:116,0
DA:117,0
DA:127,5
DA:128,5
DA:129,5
DA:131,0
DA:132,0
DA:143,1
DA:144,1
DA:146,0
DA:147,0
DA:159,1
DA:160,1
DA:162,0
DA:163,0
DA:174,1
DA:175,1
DA:177,0
DA:178,0
DA:186,1
DA:188,1
DA:189,1
DA:190,1
DA:192,0
DA:195,0
DA:196,0
DA:197,0
DA:206,1
DA:207,1
DA:210,1
DA:211,1
DA:214,1
DA:216,0
DA:217,0
DA:227,6
DA:228,0
DA:230,0
DA:231,0
DA:232,0
DA:234,0
DA:236,0
DA:237,0
DA:245,4
DA:247,4
DA:248,0
DA:252,4
DA:253,0
DA:254,0
DA:255,0
DA:259,4
DA:260,4
DA:262,4
DA:264,0
DA:265,0
DA:267,4
DA:268,4
DA:269,4
DA:280,1
DA:281,2
DA:282,1
DA:283,1
DA:284,1
DA:285,1
DA:287,0
DA:288,0
DA:298,2
DA:299,4
DA:300,2
DA:301,2
DA:302,2
DA:303,2
DA:304,1
DA:306,1
DA:307,1
DA:309,0
DA:310,0
DA:321,1
DA:334,1
DA:336,1
DA:338,1
DA:340,1
DA:342,1
DA:344,0
DA:345,0
DA:353,5
DA:354,5
DA:355,2
DA:356,2
DA:357,2
DA:359,3
DA:360,3
LF:128
LH:87
BRDA:57,0,0,0
BRDA:69,1,0,18
BRDA:69,1,1,0
BRDA:88,2,0,1
BRDA:111,3,0,1
BRDA:142,4,0,1
BRDA:158,5,0,1
BRDA:189,6,0,1
BRDA:189,6,1,0
BRDA:196,7,0,0
BRDA:196,7,1,0
BRDA:210,8,0,1
BRDA:230,9,0,0
BRDA:247,10,0,0
BRDA:252,11,0,0
BRDA:264,12,0,0
BRDA:264,12,1,0
BRDA:268,13,0,4
BRDA:268,13,1,0
BRDA:303,14,0,1
BRDA:354,15,0,2
BRF:21
BRH:10
end_of_record
TN:
SF:src/url/urlUtils.ts
FN:25,extractDomain
FN:48,isUrlAllowed
FN:61,(anonymous_12)
FN:75,parseRobotsTxt
FN:78,(anonymous_14)
FN:85,(anonymous_15)
FN:111,isUrlAllowedWithRobots
FNF:7
FNH:3
FNDA:2,extractDomain
FNDA:2,isUrlAllowed
FNDA:2,(anonymous_12)
FNDA:0,parseRobotsTxt
FNDA:0,(anonymous_14)
FNDA:0,(anonymous_15)
FNDA:0,isUrlAllowedWithRobots
DA:4,2
DA:5,2
DA:25,2
DA:26,2
DA:27,2
DA:28,0
DA:32,2
DA:34,2
DA:35,2
DA:37,0
DA:38,0
DA:48,2
DA:49,2
DA:51,2
DA:52,2
DA:55,2
DA:57,2
DA:58,2
DA:61,2
DA:62,2
DA:65,0
DA:66,0
DA:75,2
DA:76,0
DA:78,0
DA:79,0
DA:81,0
DA:83,0
DA:85,0
DA:88,0
DA:89,0
DA:90,0
DA:91,0
DA:93,0
DA:94,0
DA:96,0
DA:99,0
DA:100,0
DA:111,2
DA:116,0
DA:118,0
DA:119,0
DA:122,0
DA:123,0
DA:126,0
DA:127,0
DA:131,0
DA:132,0
DA:136,0
DA:138,0
DA:139,0
LF:51
LH:19
BRDA:27,0,0,0
BRDA:32,1,0,2
BRDA:32,1,1,0
BRDA:48,2,0,0
BRDA:51,3,0,0
BRDA:52,4,0,0
BRDA:55,5,0,0
BRDA:58,6,0,0
BRDA:62,7,0,2
BRDA:62,7,1,1
BRDA:79,8,0,0
BRDA:79,8,1,0
BRDA:85,9,0,0
BRDA:85,9,1,0
BRDA:88,10,0,0
BRDA:88,10,1,0
BRDA:91,11,0,0
BRDA:91,11,1,0
BRDA:99,12,0,0
BRDA:99,12,1,0
BRDA:113,13,0,0
BRDA:114,14,0,0
BRDA:118,15,0,0
BRDA:123,16,0,0
BRDA:126,17,0,0
BRDA:131,18,0,0
BRF:26
BRH:3
end_of_record
TN:
SF:src/utils/logger.ts
FN:24,(anonymous_1)
FN:37,(anonymous_2)
FN:46,(anonymous_3)
FN:58,(anonymous_4)
FN:83,(anonymous_5)
FN:120,(anonymous_6)
FN:131,(anonymous_7)
FN:142,(anonymous_8)
FN:153,(anonymous_9)
FN:162,(anonymous_10)
FN:171,(anonymous_11)
FNF:11
FNH:10
FNDA:4,(anonymous_1)
FNDA:4,(anonymous_2)
FNDA:116,(anonymous_3)
FNDA:112,(anonymous_4)
FNDA:112,(anonymous_5)
FNDA:44,(anonymous_6)
FNDA:56,(anonymous_7)
FNDA:7,(anonymous_8)
FNDA:4,(anonymous_9)
FNDA:1,(anonymous_10)
FNDA:0,(anonymous_11)
DA:4,4
DA:5,4
DA:15,4
DA:28,4
DA:29,4
DA:30,4
DA:31,4
DA:38,4
DA:39,0
DA:47,116
DA:48,116
DA:49,116
DA:59,112
DA:60,112
DA:62,112
DA:63,5
DA:64,1
DA:65,1
DA:67,0
DA:70,4
DA:74,112
DA:84,112
DA:87,112
DA:89,4
DA:90,4
DA:92,7
DA:93,7
DA:95,56
DA:96,56
DA:98,45
DA:102,112
DA:103,112
DA:104,0
DA:108,112
DA:109,112
DA:111,0
DA:121,44
DA:122,44
DA:132,56
DA:133,56
DA:143,7
DA:144,7
DA:154,4
DA:163,1
DA:172,0
DA:177,4
LF:46
LH:41
BRDA:24,0,0,4
BRDA:28,1,0,4
BRDA:28,1,1,4
BRDA:29,2,0,4
BRDA:29,2,1,4
BRDA:38,3,0,0
BRDA:62,4,0,5
BRDA:63,5,0,1
BRDA:63,5,1,4
BRDA:87,6,0,4
BRDA:87,6,1,7
BRDA:87,6,2,56
BRDA:87,6,3,45
BRDA:103,7,0,0
BRDA:121,8,0,44
BRDA:132,9,0,56
BRDA:143,10,0,7
BRF:17
BRH:15
end_of_record
